<?xml version="1.0" encoding="UTF-8" ?>
<testsuite errors="0" failures="0" hostname="localhost" name="webserver.WebServerTest" skipped="0" tests="15" time="0.479" timestamp="2014-12-04T09:22:35">
  <properties>
    <property name="netbeans.autoupdate.country" value="US" />
    <property name="javac.test.classpath" value=":build/classes:/home/franko/netbeans-8.0.1/platform/modules/ext/junit-4.10.jar" />
    <property name="libs.junit.javadoc" value="/home/franko/netbeans-8.0.1/java/docs/junit-3.8.2-api.zip" />
    <property name="ant.core.lib" value="/home/franko/netbeans-8.0.1/extide/ant/lib/ant.jar" />
    <property name="javadoc.windowtitle" value="" />
    <property name="user.dir" value="/home/franko/NetBeansProjects/TeamWebServer" />
    <property name="java.vm.version" value="25.20-b23" />
    <property name="libs.MySQLDriver.classpath" value="/home/franko/netbeans-8.0.1/ide/modules/ext/mysql-connector-java-5.1.23-bin.jar" />
    <property name="ant.file.WebServer" value="/home/franko/NetBeansProjects/TeamWebServer/build.xml" />
    <property name="libs.eclipselinkmodelgen.src" value="" />
    <property name="javadoc.notree" value="false" />
    <property name="netbeans.autoupdate.version" value="1.23" />
    <property name="netbeans.running.environment" value="gnome" />
    <property name="javac.profile.cmd.line.arg" value="" />
    <property name="jdk.home" value="/usr/lib/jvm/java-8-oracle" />
    <property name="libs.javac-api.src" value="" />
    <property name="javadoc.noindex" value="false" />
    <property name="libs.jpa2-persistence.classpath" value="/home/franko/netbeans-8.0.1/java/modules/ext/hibernate4/hibernate-jpa-2.1-api-1.0.0.Final.jar" />
    <property name="sun.os.patch.level" value="unknown" />
    <property name="do.archive+manifest.available" value="true" />
    <property name="java.vm.specification.name" value="Java Virtual Machine Specification" />
    <property name="nb.show.statistics.ui" value="usageStatisticsEnabled" />
    <property name="netbeans.autoupdate.variant" value="" />
    <property name="have.tests" value="true" />
    <property name="org.xml.sax.driver" value="com.sun.org.apache.xerces.internal.jaxp.SAXParserImpl$JAXPSAXParser" />
    <property name="libs.javac-api.javadoc" value="" />
    <property name="os.name" value="Linux" />
    <property name="libs.beans-binding.classpath" value="/home/franko/netbeans-8.0.1/java/modules/ext/beansbinding-1.2.1.jar" />
    <property name="ap.proc.none.internal" value="" />
    <property name="libs.JWSAntTasks.maven-pom" value="" />
    <property name="libs.testng.src" value="" />
    <property name="nu.validator.spec.alt-advice" value="jar:file:/home/franko/netbeans-8.0.1/ide/modules/ext/validator.jar!/nu/validator/localentities/files/wiki_whatwg_org_wiki_Validator_nu_alt_advice" />
    <property name="java.vendor.url.bug" value="http://bugreport.sun.com/bugreport/" />
    <property name="libs.jaxb.maven-pom" value="" />
    <property name="os.arch" value="amd64" />
    <property name="libs.eclipselink.src" value="" />
    <property name="user.name" value="franko" />
    <property name="copylibs.rebase" value="true" />
    <property name="libs.swing-layout.maven-pom" value="" />
    <property name="sun.java.command" value="org.apache.tools.ant.taskdefs.optional.junit.JUnitTestRunner webserver.WebServerTest skipNonTests=false filtertrace=true haltOnError=false haltOnFailure=false showoutput=true outputtoformatters=true logfailedtests=true threadid=0 logtestlistenerevents=true formatter=org.apache.tools.ant.taskdefs.optional.junit.BriefJUnitResultFormatter formatter=org.apache.tools.ant.taskdefs.optional.junit.XMLJUnitResultFormatter,/home/franko/NetBeansProjects/TeamWebServer/build/test/results/TEST-webserver.WebServerTest.xml crashfile=/home/franko/NetBeansProjects/TeamWebServer/build/junitvmwatcher2310314981660315827.properties propsfile=/home/franko/NetBeansProjects/TeamWebServer/build/junit5753065322902382087.properties" />
    <property name="build.classes.dir" value="build/classes" />
    <property name="netbeans.accept_license_class" value="org.netbeans.license.AcceptLicense" />
    <property name="build.sysclasspath" value="ignore" />
    <property name="ap.supported.internal" value="true" />
    <property name="libs.jaxws21.javadoc" value="/home/franko/netbeans-8.0.1/java/docs/jaxws-api-doc.zip" />
    <property name="includes" value="**" />
    <property name="user.country" value="US" />
    <property name="manifest.file" value="manifest.mf" />
    <property name="javadoc.encoding" value="UTF-8" />
    <property name="javac.classpath" value="" />
    <property name="libs.spring-framework400.classpath" value="/home/franko/netbeans-8.0.1/ide/modules/org-apache-commons-logging.jar:/home/franko/netbeans-8.0.1/java/modules/ext/cglib-2.2.jar:/home/franko/netbeans-8.0.1/java/modules/ext/spring-4/spring-aop-4.0.1.RELEASE.jar:/home/franko/netbeans-8.0.1/java/modules/ext/spring-4/spring-aspects-4.0.1.RELEASE.jar:/home/franko/netbeans-8.0.1/java/modules/ext/spring-4/spring-beans-4.0.1.RELEASE.jar:/home/franko/netbeans-8.0.1/java/modules/ext/spring-4/spring-build-src-4.0.1.RELEASE.jar:/home/franko/netbeans-8.0.1/java/modules/ext/spring-4/spring-context-4.0.1.RELEASE.jar:/home/franko/netbeans-8.0.1/java/modules/ext/spring-4/spring-context-support-4.0.1.RELEASE.jar:/home/franko/netbeans-8.0.1/java/modules/ext/spring-4/spring-core-4.0.1.RELEASE.jar:/home/franko/netbeans-8.0.1/java/modules/ext/spring-4/spring-expression-4.0.1.RELEASE.jar:/home/franko/netbeans-8.0.1/java/modules/ext/spring-4/spring-framework-bom-4.0.1.RELEASE.jar:/home/franko/netbeans-8.0.1/java/modules/ext/spring-4/spring-instrument-4.0.1.RELEASE.jar:/home/franko/netbeans-8.0.1/java/modules/ext/spring-4/spring-instrument-tomcat-4.0.1.RELEASE.jar:/home/franko/netbeans-8.0.1/java/modules/ext/spring-4/spring-jdbc-4.0.1.RELEASE.jar:/home/franko/netbeans-8.0.1/java/modules/ext/spring-4/spring-jms-4.0.1.RELEASE.jar:/home/franko/netbeans-8.0.1/java/modules/ext/spring-4/spring-messaging-4.0.1.RELEASE.jar:/home/franko/netbeans-8.0.1/java/modules/ext/spring-4/spring-orm-4.0.1.RELEASE.jar:/home/franko/netbeans-8.0.1/java/modules/ext/spring-4/spring-oxm-4.0.1.RELEASE.jar:/home/franko/netbeans-8.0.1/java/modules/ext/spring-4/spring-test-4.0.1.RELEASE.jar:/home/franko/netbeans-8.0.1/java/modules/ext/spring-4/spring-tx-4.0.1.RELEASE.jar:/home/franko/netbeans-8.0.1/java/modules/ext/spring-4/spring-web-4.0.1.RELEASE.jar:/home/franko/netbeans-8.0.1/java/modules/ext/spring-4/spring-webmvc-4.0.1.RELEASE.jar:/home/franko/netbeans-8.0.1/java/modules/ext/spring-4/spring-webmvc-portlet-4.0.1.RELEASE.jar:/home/franko/netbeans-8.0.1/java/modules/ext/spring-4/spring-websocket-4.0.1.RELEASE.jar" />
    <property name="debug-transport" value="dt_socket" />
    <property name="netbeans.home" value="/home/franko/netbeans-8.0.1/platform" />
    <property name="build.compiler.emacs" value="true" />
    <property name="java.endorsed.dirs" value="/usr/lib/jvm/java-8-oracle/jre/lib/endorsed" />
    <property name="netbeans.dynamic.classpath" value="/home/franko/netbeans-8.0.1/platform/core/core.jar:/home/franko/netbeans-8.0.1/platform/core/org-openide-filesystems.jar:/home/franko/netbeans-8.0.1/platform/core/locale/org-openide-filesystems_es.jar:/home/franko/netbeans-8.0.1/platform/core/locale/org-openide-filesystems_in_ID.jar:/home/franko/netbeans-8.0.1/platform/core/locale/core_ko.jar:/home/franko/netbeans-8.0.1/platform/core/locale/core_de.jar:/home/franko/netbeans-8.0.1/platform/core/locale/org-openide-filesystems_ca.jar:/home/franko/netbeans-8.0.1/platform/core/locale/org-openide-filesystems_bg.jar:/home/franko/netbeans-8.0.1/platform/core/locale/core_tr.jar:/home/franko/netbeans-8.0.1/platform/core/locale/org-openide-filesystems_de.jar:/home/franko/netbeans-8.0.1/platform/core/locale/org-openide-filesystems_ar_SA.jar:/home/franko/netbeans-8.0.1/platform/core/locale/org-openide-filesystems_si.jar:/home/franko/netbeans-8.0.1/platform/core/locale/org-openide-filesystems_zh_TW.jar:/home/franko/netbeans-8.0.1/platform/core/locale/org-openide-filesystems_sq.jar:/home/franko/netbeans-8.0.1/platform/core/locale/org-openide-filesystems_sv.jar:/home/franko/netbeans-8.0.1/platform/core/locale/org-openide-filesystems_ro.jar:/home/franko/netbeans-8.0.1/platform/core/locale/core_zh_TW.jar:/home/franko/netbeans-8.0.1/platform/core/locale/core_cs.jar:/home/franko/netbeans-8.0.1/platform/core/locale/core_bg.jar:/home/franko/netbeans-8.0.1/platform/core/locale/org-openide-filesystems_pl.jar:/home/franko/netbeans-8.0.1/platform/core/locale/core_ar_SA.jar:/home/franko/netbeans-8.0.1/platform/core/locale/org-openide-filesystems_it.jar:/home/franko/netbeans-8.0.1/platform/core/locale/core_sq.jar:/home/franko/netbeans-8.0.1/platform/core/locale/core_pt_PT.jar:/home/franko/netbeans-8.0.1/platform/core/locale/org-openide-filesystems_gl_ES.jar:/home/franko/netbeans-8.0.1/platform/core/locale/core_nl_NL.jar:/home/franko/netbeans-8.0.1/platform/core/locale/org-openide-filesystems_nl_NL.jar:/home/franko/netbeans-8.0.1/platform/core/locale/core_in_ID.jar:/home/franko/netbeans-8.0.1/platform/core/locale/core_it.jar:/home/franko/netbeans-8.0.1/platform/core/locale/core_si.jar:/home/franko/netbeans-8.0.1/platform/core/locale/core_ca.jar:/home/franko/netbeans-8.0.1/platform/core/locale/org-openide-filesystems_ko.jar:/home/franko/netbeans-8.0.1/platform/core/locale/org-openide-filesystems_pt_PT.jar:/home/franko/netbeans-8.0.1/platform/core/locale/core_pl.jar:/home/franko/netbeans-8.0.1/platform/core/locale/org-openide-filesystems_cs.jar:/home/franko/netbeans-8.0.1/platform/core/locale/core_es.jar:/home/franko/netbeans-8.0.1/platform/core/locale/core_gl_ES.jar:/home/franko/netbeans-8.0.1/platform/core/locale/core_sv.jar:/home/franko/netbeans-8.0.1/platform/core/locale/org-openide-filesystems_tr.jar:/home/franko/netbeans-8.0.1/platform/core/locale/org-openide-filesystems_fr.jar:/home/franko/netbeans-8.0.1/platform/core/locale/core_ro.jar:/home/franko/netbeans-8.0.1/platform/core/locale/core_fr.jar:/home/franko/netbeans-8.0.1/nb/core/org-netbeans-upgrader.jar:/home/franko/netbeans-8.0.1/nb/core/locale/core_nb.jar:/home/franko/netbeans-8.0.1/nb/core/locale/org-netbeans-upgrader_it.jar:/home/franko/netbeans-8.0.1/nb/core/locale/org-netbeans-upgrader_ca.jar:/home/franko/netbeans-8.0.1/nb/core/locale/core_nb_fr.jar:/home/franko/netbeans-8.0.1/nb/core/locale/org-netbeans-upgrader_fr.jar:/home/franko/netbeans-8.0.1/nb/core/locale/core_nb_sv.jar:/home/franko/netbeans-8.0.1/nb/core/locale/core_nb_de.jar:/home/franko/netbeans-8.0.1/nb/core/locale/core_nb_zh_TW.jar:/home/franko/netbeans-8.0.1/nb/core/locale/core_nb_gl_ES.jar:/home/franko/netbeans-8.0.1/nb/core/locale/core_nb_tr.jar:/home/franko/netbeans-8.0.1/nb/core/locale/core_nb_es.jar:/home/franko/netbeans-8.0.1/nb/core/locale/org-netbeans-upgrader_es.jar:/home/franko/netbeans-8.0.1/nb/core/locale/org-netbeans-upgrader_tr.jar:/home/franko/netbeans-8.0.1/nb/core/locale/org-netbeans-upgrader_ko.jar:/home/franko/netbeans-8.0.1/nb/core/locale/core_nb_nl_NL.jar:/home/franko/netbeans-8.0.1/nb/core/locale/core_nb_it.jar:/home/franko/netbeans-8.0.1/nb/core/locale/org-netbeans-upgrader_sv.jar:/home/franko/netbeans-8.0.1/nb/core/locale/org-netbeans-upgrader_nl_NL.jar:/home/franko/netbeans-8.0.1/nb/core/locale/core_nb_ko.jar:/home/franko/netbeans-8.0.1/nb/core/locale/org-netbeans-upgrader_de.jar:/home/franko/netbeans-8.0.1/nb/core/locale/org-netbeans-upgrader_zh_TW.jar:/home/franko/netbeans-8.0.1/nb/core/locale/org-netbeans-upgrader_gl_ES.jar:/home/franko/netbeans-8.0.1/nb/core/locale/core_nb_ca.jar" />
    <property name="java.vm.specification.version" value="1.8" />
    <property name="libs.hibernate4-support.src" value="" />
    <property name="netbeans.productversion" value="NetBeans IDE 8.0.1 (Build 201409082112)" />
    <property name="libs.jaxws21.src" value="" />
    <property name="do.archive" value="true" />
    <property name="ant.file.type.WebServer" value="file" />
    <property name="netbeans.autoupdate.language" value="en" />
    <property name="java.vendor" value="Oracle Corporation" />
    <property name="sun.font.fontmanager" value="sun.awt.X11FontManager" />
    <property name="jar.index.metainf" value="false" />
    <property name="javac.debug" value="true" />
    <property name="javadoc.splitindex" value="true" />
    <property name="file.separator" value="/" />
    <property name="libs.junit_4.maven-pom" value="" />
    <property name="mkdist.disabled" value="false" />
    <property name="javac.test.processorpath" value=":build/classes:/home/franko/netbeans-8.0.1/platform/modules/ext/junit-4.10.jar" />
    <property name="netbeans.buildnumber" value="201409082112" />
    <property name="libs.JWSAntTasks.javadoc" value="" />
    <property name="build.generated.sources.dir" value="build/generated-sources" />
    <property name="libs.eclipselinkmodelgen.classpath" value="/home/franko/netbeans-8.0.1/java/modules/ext/eclipselink/org.eclipse.persistence.jpa.modelgen_2.5.2.v20140319-9ad6abd.jar" />
    <property name="sun.java.launcher" value="SUN_STANDARD" />
    <property name="libs.junit.classpath" value="/home/franko/netbeans-8.0.1/java/modules/ext/junit-3.8.2.jar" />
    <property name="libs.hibernate4-persistencemodelgen.javadoc" value="" />
    <property name="libs.jaxb.javadoc" value="/home/franko/netbeans-8.0.1/ide/docs/jaxb-api-doc.zip" />
    <property name="ant.home" value="/home/franko/netbeans-8.0.1/extide/ant" />
    <property name="libs.junit_4.src" value="/home/franko/netbeans-8.0.1/java/docs/junit-4.10-sources.jar" />
    <property name="libs.testng.classpath" value="/home/franko/netbeans-8.0.1/platform/modules/ext/testng-6.8.1-dist.jar" />
    <property name="libs.absolutelayout.maven-pom" value="" />
    <property name="ant.java.version" value="1.8" />
    <property name="java.library.path" value="/usr/lib/jvm/java-8-oracle/jre/lib/amd64:/usr/lib/jvm/java-8-oracle/jre/lib/i386::/usr/java/packages/lib/amd64:/usr/lib64:/lib64:/lib:/usr/lib" />
    <property name="javadoc.author" value="false" />
    <property name="java.util.logging.config.class" value="org.netbeans.core.startup.TopLogging" />
    <property name="libs.spring-framework400.src" value="" />
    <property name="libs.PostgreSQLDriver.src" value="" />
    <property name="sun.arch.data.model" value="64" />
    <property name="basedir" value="/home/franko/NetBeansProjects/TeamWebServer" />
    <property name="libs.jpa20-persistence.maven-pom" value="" />
    <property name="jar.compress" value="false" />
    <property name="path.separator" value=":" />
    <property name="ant.junit.enabletestlistenerevents" value="true" />
    <property name="sun.io.unicode.encoding" value="UnicodeLittle" />
    <property name="libs.jaxws21.classpath" value="/home/franko/netbeans-8.0.1/ide/modules/ext/jaxb/jaxb-impl.jar:/home/franko/netbeans-8.0.1/ide/modules/ext/jaxb/jaxb-xjc.jar:/home/franko/netbeans-8.0.1/java/modules/ext/jaxws22/FastInfoset.jar:/home/franko/netbeans-8.0.1/java/modules/ext/jaxws22/gmbal-api-only.jar:/home/franko/netbeans-8.0.1/java/modules/ext/jaxws22/ha-api.jar:/home/franko/netbeans-8.0.1/java/modules/ext/jaxws22/javax.mail_1.4.jar:/home/franko/netbeans-8.0.1/java/modules/ext/jaxws22/jaxws-rt.jar:/home/franko/netbeans-8.0.1/java/modules/ext/jaxws22/jaxws-tools.jar:/home/franko/netbeans-8.0.1/java/modules/ext/jaxws22/management-api.jar:/home/franko/netbeans-8.0.1/java/modules/ext/jaxws22/mimepull.jar:/home/franko/netbeans-8.0.1/java/modules/ext/jaxws22/policy.jar:/home/franko/netbeans-8.0.1/java/modules/ext/jaxws22/saaj-impl.jar:/home/franko/netbeans-8.0.1/java/modules/ext/jaxws22/stax-ex.jar:/home/franko/netbeans-8.0.1/java/modules/ext/jaxws22/stax2-api.jar:/home/franko/netbeans-8.0.1/java/modules/ext/jaxws22/streambuffer.jar:/home/franko/netbeans-8.0.1/java/modules/ext/jaxws22/woodstox-core-asl.jar:/home/franko/netbeans-8.0.1/java/modules/ext/jaxws22/api/jaxws-api.jar:/home/franko/netbeans-8.0.1/java/modules/ext/jaxws22/api/jsr181-api.jar:/home/franko/netbeans-8.0.1/java/modules/ext/jaxws22/api/javax.annotation.jar:/home/franko/netbeans-8.0.1/java/modules/ext/jaxws22/api/saaj-api.jar:/home/franko/netbeans-8.0.1/ide/modules/ext/jaxb/activation.jar:/home/franko/netbeans-8.0.1/ide/modules/ext/jaxb/api/jaxb-api.jar:/home/franko/netbeans-8.0.1/ide/modules/ext/jaxb/api/jsr173_1.0_api.jar" />
    <property name="apple.awt.graphics.UseQuartz" value="true" />
    <property name="user.language" value="en" />
    <property name="testng.mode" value="testng" />
    <property name="libs.JAXB-ENDORSED.maven-pom" value="" />
    <property name="libs.eclipselink.maven-pom" value="" />
    <property name="test.binaryincludes" value="&lt;nothing&gt;" />
    <property name="manifest.available" value="true" />
    <property name="libs.spring-framework300.maven-pom" value="" />
    <property name="run.test.classpath" value=":build/classes:/home/franko/netbeans-8.0.1/platform/modules/ext/junit-4.10.jar:build/test/classes" />
    <property name="ant.project.invoked-targets" value="test" />
    <property name="test.binaryexcludes" value="" />
    <property name="libs.swing-layout.javadoc" value="/home/franko/netbeans-8.0.1/platform/docs/swing-layout-1.0.4-doc.zip" />
    <property name="sun.java2d.dpiaware" value="true" />
    <property name="libs.hibernate4-persistence.maven-pom" value="" />
    <property name="libs.PostgreSQLDriver.maven-pom" value="" />
    <property name="java.class.version" value="52.0" />
    <property name="libs.hibernate4-persistencemodelgen.maven-pom" value="" />
    <property name="libs.eclipselink.javadoc" value="/home/franko/netbeans-8.0.1/java/modules/ext/docs/javax.persistence-2.1.0-doc.zip" />
    <property name="user.properties.file" value="/home/franko/.netbeans/8.0.1/build.properties" />
    <property name="runtime.encoding" value="UTF-8" />
    <property name="libs.javac-api.maven-pom" value="" />
    <property name="file.encoding.pkg" value="sun.io" />
    <property name="sun.cpu.endian" value="little" />
    <property name="libs.JAXB-ENDORSED.javadoc" value="" />
    <property name="libs.JWSAntTasks.classpath" value="/home/franko/netbeans-8.0.1/java/ant/extra/org-netbeans-modules-javawebstart-anttasks.jar" />
    <property name="libs.spring-framework300.src" value="" />
    <property name="empty.dir" value="/home/franko/NetBeansProjects/TeamWebServer/build/empty" />
    <property name="version-output" value="java version &quot;1.8" />
    <property name="test.binarytestincludes" value="" />
    <property name="libs.hibernate4-persistencemodelgen.src" value="" />
    <property name="javadoc.preview" value="true" />
    <property name="libs.jpa20-persistence.javadoc" value="/home/franko/netbeans-8.0.1/java/modules/ext/docs/javax.persistence-2.1.0-doc.zip" />
    <property name="java.home" value="/usr/lib/jvm/java-8-oracle/jre" />
    <property name="debug.test.classpath" value=":build/classes:/home/franko/netbeans-8.0.1/platform/modules/ext/junit-4.10.jar:build/test/classes" />
    <property name="netbeans.importclass" value="org.netbeans.upgrade.AutoUpgrade" />
    <property name="ant.project.default-target" value="default" />
    <property name="annotation.processing.run.all.processors" value="true" />
    <property name="libs.PostgreSQLDriver.javadoc" value="" />
    <property name="libs.MySQLDriver.maven-pom" value="" />
    <property name="libs.hibernate4-persistence.javadoc" value="/home/franko/netbeans-8.0.1/java/modules/ext/docs/javax.persistence-2.1.0-doc.zip" />
    <property name="libs.junit_4.javadoc" value="/home/franko/netbeans-8.0.1/java/docs/junit-4.10-javadoc.jar" />
    <property name="run.classpath" value=":build/classes" />
    <property name="jna.boot.library.name" value="jnidispatch-410" />
    <property name="sun.awt.datatransfer.timeout" value="1000" />
    <property name="libs.jpa2-persistence.maven-pom" value="" />
    <property name="annotation.processing.enabled.in.editor" value="false" />
    <property name="libs.hibernate4-support.classpath" value="/home/franko/netbeans-8.0.1/java/modules/ext/hibernate4/antlr-2.7.7.jar:/home/franko/netbeans-8.0.1/java/modules/ext/hibernate4/c3p0-0.9.2.1.jar:/home/franko/netbeans-8.0.1/java/modules/ext/hibernate4/hibernate-c3p0-4.3.1.Final.jar:/home/franko/netbeans-8.0.1/java/modules/ext/hibernate4/mchange-commons-java-0.2.3.4.jar:/home/franko/netbeans-8.0.1/java/modules/ext/hibernate4/dom4j-1.6.1.jar:/home/franko/netbeans-8.0.1/java/modules/ext/hibernate4/ehcache-core-2.4.3.jar:/home/franko/netbeans-8.0.1/java/modules/ext/hibernate4/hibernate-ehcache-4.3.1.Final.jar:/home/franko/netbeans-8.0.1/java/modules/ext/hibernate4/hibernate-core-4.3.1.Final.jar:/home/franko/netbeans-8.0.1/java/modules/ext/hibernate4/jboss-logging-3.1.3.GA.jar:/home/franko/netbeans-8.0.1/java/modules/ext/hibernate4/hibernate-commons-annotations-4.0.4.Final.jar:/home/franko/netbeans-8.0.1/java/modules/ext/hibernate4/hibernate-entitymanager-4.3.1.Final.jar:/home/franko/netbeans-8.0.1/java/modules/ext/hibernate4/javassist-3.18.1-GA.jar:/home/franko/netbeans-8.0.1/java/modules/ext/hibernate4/jboss-transaction-api_1.2_spec-1.0.0.Final.jar:/home/franko/netbeans-8.0.1/java/modules/ext/hibernate4/slf4j-api-1.6.1.jar:/home/franko/netbeans-8.0.1/java/modules/ext/hibernate4/slf4j-simple-1.6.1.jar" />
    <property name="nb.native.filechooser" value="false" />
    <property name="sun.management.compiler" value="HotSpot 64-Bit Tiered Compilers" />
    <property name="javac.deprecation" value="false" />
    <property name="javadoc.use" value="true" />
    <property name="sun.java2d.noddraw" value="true" />
    <property name="javac.processorpath" value="" />
    <property name="javac.compilerargs" value="" />
    <property name="ant.file" value="/home/franko/NetBeansProjects/TeamWebServer/build.xml" />
    <property name="libs.beans-binding.maven-pom" value="" />
    <property name="libs.hibernate4-support.javadoc" value="/home/franko/netbeans-8.0.1/java/modules/ext/docs/javax.persistence-2.1.0-doc.zip" />
    <property name="libs.beans-binding.src" value="" />
    <property name="java.vm.specification.vendor" value="Oracle Corporation" />
    <property name="libs.swing-layout.src" value="/home/franko/netbeans-8.0.1/platform/docs/swing-layout-1.0.4-src.zip" />
    <property name="org.openide.major.version" value="IDE/1" />
    <property name="java.vm.name" value="Java HotSpot(TM) 64-Bit Server VM" />
    <property name="netbeans.user" value="/home/franko/.netbeans/8.0.1" />
    <property name="javadoc.additionalparam" value="" />
    <property name="java.io.tmpdir" value="/tmp" />
    <property name="java.vendor.url" value="http://java.oracle.com/" />
    <property name="endorsed.classpath.cmd.line.arg" value="" />
    <property name="junit.available" value="true" />
    <property name="sun.boot.library.path" value="/usr/lib/jvm/java-8-oracle/jre/lib/amd64" />
    <property name="have.sources" value="true" />
    <property name="debug.classpath" value=":build/classes" />
    <property name="javadoc.private" value="false" />
    <property name="test.src.dir" value="test" />
    <property name="ap.processors.internal" value="" />
    <property name="meta.inf.dir" value="src/META-INF" />
    <property name="javadoc.encoding.used" value="UTF-8" />
    <property name="dist.jar" value="dist/WebServer.jar" />
    <property name="libs.spring-framework400.maven-pom" value="" />
    <property name="java.runtime.name" value="Java(TM) SE Runtime Environment" />
    <property name="ant.project.name" value="WebServer" />
    <property name="netbeans.hash.code" value="unique=NB_CND_EXTIDE_JAVA_PHP_WEBCOMMON0fde18e20-ec4a-4bc6-9105-56fdf229e18f_eb4336fa-674e-4604-b326-6346160a86a8" />
    <property name="netbeans.default_userdir_root" value="/home/franko/.netbeans" />
    <property name="sun.cpu.isalist" value="" />
    <property name="libs.spring-framework400.javadoc" value="" />
    <property name="libs.CopyLibs.javadoc" value="" />
    <property name="ant.file.type.WebServer-impl" value="file" />
    <property name="org.openide.specification.version" value="6.2" />
    <property name="user.home" value="/home/franko" />
    <property name="annotation.processing.processors.list" value="" />
    <property name="debug-args-line" value="-Xdebug" />
    <property name="libs.JWSAntTasks.src" value="" />
    <property name="jar.index" value="false" />
    <property name="libs.CopyLibs.maven-pom" value="" />
    <property name="libs.spring-framework300.javadoc" value="" />
    <property name="libs.absolutelayout.javadoc" value="" />
    <property name="java.specification.name" value="Java Platform API Specification" />
    <property name="nu.validator.spec.microsyntax-descriptions" value="jar:file:/home/franko/netbeans-8.0.1/ide/modules/ext/validator.jar!/nu/validator/localentities/files/wiki_whatwg_org_wiki_MicrosyntaxDescriptions" />
    <property name="do.archive+main.class.available" value="true" />
    <property name="java.specification.vendor" value="Oracle Corporation" />
    <property name="libs.javac-api.classpath" value="/home/franko/netbeans-8.0.1/java/modules/ext/nb-javac-api.jar" />
    <property name="java.version" value="1.8.0_20" />
    <property name="run.jvmargs.ide" value="" />
    <property name="javadoc.version" value="false" />
    <property name="libs.MySQLDriver.javadoc" value="" />
    <property name="org.openide.version" value="deprecated" />
    <property name="platform.java" value="/usr/lib/jvm/java-8-oracle/jre/bin/java" />
    <property name="source.encoding" value="UTF-8" />
    <property name="ap.cmd.line.internal" value="" />
    <property name="libs.eclipselinkmodelgen.maven-pom" value="" />
    <property name="libs.junit.maven-pom" value="" />
    <property name="libs.eclipselinkmodelgen.javadoc" value="" />
    <property name="netbeans.home+have.tests" value="true" />
    <property name="annotation.processing.processor.options" value="" />
    <property name="libs.testng.maven-pom" value="" />
    <property name="libs.jaxb.src" value="" />
    <property name="work.dir" value="/home/franko/NetBeansProjects/TeamWebServer" />
    <property name="libs.jaxb.classpath" value="/home/franko/netbeans-8.0.1/ide/modules/ext/jaxb/jaxb-impl.jar:/home/franko/netbeans-8.0.1/ide/modules/ext/jaxb/jaxb-xjc.jar:/home/franko/netbeans-8.0.1/ide/modules/ext/jaxb/jaxb1-impl.jar:/home/franko/netbeans-8.0.1/ide/modules/ext/jaxb/activation.jar:/home/franko/netbeans-8.0.1/ide/modules/ext/jaxb/api/jaxb-api.jar:/home/franko/netbeans-8.0.1/ide/modules/ext/jaxb/api/jsr173_1.0_api.jar" />
    <property name="do.depend" value="false" />
    <property name="dist.javadoc.dir" value="dist/javadoc" />
    <property name="libs.swing-layout.classpath" value="/home/franko/netbeans-8.0.1/platform/modules/ext/swing-layout-1.0.4.jar" />
    <property name="build.generated.dir" value="build/generated" />
    <property name="javac.source" value="1.8" />
    <property name="line.separator" value="&#xa;" />
    <property name="java.specification.version" value="1.8" />
    <property name="libs.jaxws21.maven-pom" value="" />
    <property name="java.vm.info" value="mixed mode" />
    <property name="nb.junit.batch" value="true" />
    <property name="junit.forkmode" value="perTest" />
    <property name="sun.boot.class.path" value="/usr/lib/jvm/java-8-oracle/jre/lib/resources.jar:/usr/lib/jvm/java-8-oracle/jre/lib/rt.jar:/usr/lib/jvm/java-8-oracle/jre/lib/sunrsasign.jar:/usr/lib/jvm/java-8-oracle/jre/lib/jsse.jar:/usr/lib/jvm/java-8-oracle/jre/lib/jce.jar:/usr/lib/jvm/java-8-oracle/jre/lib/charsets.jar:/usr/lib/jvm/java-8-oracle/jre/lib/jfr.jar:/usr/lib/jvm/java-8-oracle/jre/classes" />
    <property name="javac.target" value="1.8" />
    <property name="built-jar.properties" value="/home/franko/NetBeansProjects/TeamWebServer/build/built-jar.properties" />
    <property name="build.test.classes.dir" value="build/test/classes" />
    <property name="src.dir" value="src" />
    <property name="annotation.processing.enabled" value="true" />
    <property name="libs.jpa2-persistence.src" value="" />
    <property name="libs.jpa20-persistence.src" value="" />
    <property name="ignore.failing.tests" value="true" />
    <property name="dist.dir" value="dist" />
    <property name="testng.debug.mode" value="" />
    <property name="javac.fork" value="false" />
    <property name="java.awt.printerjob" value="sun.print.PSPrinterJob" />
    <property name="default.javac.source" value="1.8" />
    <property name="debug-transport-by-os" value="dt_socket" />
    <property name="libs.MySQLDriver.src" value="" />
    <property name="sun.jnu.encoding" value="UTF-8" />
    <property name="java.runtime.version" value="1.8.0_20-b26" />
    <property name="build.test.results.dir" value="build/test/results" />
    <property name="jna.platform.library.path" value="/usr/lib/x86_64-linux-gnu:/lib/x86_64-linux-gnu:/usr/lib64:/lib64:/usr/lib:/lib" />
    <property name="default.javac.target" value="1.8" />
    <property name="libs.junit_4.classpath" value="/home/franko/netbeans-8.0.1/platform/modules/ext/junit-4.10.jar" />
    <property name="user.timezone" value="America/La_Paz" />
    <property name="nb.junit.single" value="false" />
    <property name="netbeans.dirs" value="/home/franko/netbeans-8.0.1/nb:/home/franko/netbeans-8.0.1/ergonomics:/home/franko/netbeans-8.0.1/ide:/home/franko/netbeans-8.0.1/extide:/home/franko/netbeans-8.0.1/java:/home/franko/netbeans-8.0.1/apisupport:/home/franko/netbeans-8.0.1/webcommon:/home/franko/netbeans-8.0.1/websvccommon:/home/franko/netbeans-8.0.1/enterprise:/home/franko/netbeans-8.0.1/mobility:/home/franko/netbeans-8.0.1/profiler:/home/franko/netbeans-8.0.1/python:/home/franko/netbeans-8.0.1/php:/home/franko/netbeans-8.0.1/identity:/home/franko/netbeans-8.0.1/harness:/home/franko/netbeans-8.0.1/cnd:/home/franko/netbeans-8.0.1/dlight:/home/franko/netbeans-8.0.1/groovy:/home/franko/netbeans-8.0.1/extra:/home/franko/netbeans-8.0.1/javacard:/home/franko/netbeans-8.0.1/javafx:" />
    <property name="java.ext.dirs" value="/usr/lib/jvm/java-8-oracle/jre/lib/ext:/usr/java/packages/lib/ext" />
    <property name="libs.absolutelayout.classpath" value="/home/franko/netbeans-8.0.1/java/modules/ext/AbsoluteLayout.jar" />
    <property name="excludes" value="" />
    <property name="libs.jpa2-persistence.javadoc" value="/home/franko/netbeans-8.0.1/java/modules/ext/docs/javax.persistence-2.1.0-doc.zip" />
    <property name="java.class.path" value="/home/franko/NetBeansProjects/TeamWebServer/build/classes:/home/franko/netbeans-8.0.1/platform/modules/ext/junit-4.10.jar:/home/franko/NetBeansProjects/TeamWebServer/build/test/classes:/home/franko/netbeans-8.0.1/extide/ant/lib/ant-launcher.jar:/home/franko/netbeans-8.0.1/extide/ant/lib/ant.jar:/home/franko/netbeans-8.0.1/extide/ant/lib/ant-junit.jar:/home/franko/netbeans-8.0.1/extide/ant/lib/ant-junit4.jar" />
    <property name="apple.laf.useScreenMenuBar" value="true" />
    <property name="do.mkdist" value="true" />
    <property name="libs.absolutelayout.src" value="" />
    <property name="libs.jpa20-persistence.classpath" value="/home/franko/netbeans-8.0.1/java/modules/ext/eclipselink/javax.persistence_2.1.0.v201304241213.jar" />
    <property name="os.version" value="3.2.0-4-amd64" />
    <property name="application.args" value="" />
    <property name="sun.awt.enableExtraMouseButtons" value="true" />
    <property name="main.class.available" value="true" />
    <property name="sun.desktop" value="gnome" />
    <property name="libs.hibernate4-persistence.src" value="" />
    <property name="libs.hibernate4-support.maven-pom" value="" />
    <property name="nb.internal.action.name" value="test" />
    <property name="libs.JAXB-ENDORSED.classpath" value="/home/franko/netbeans-8.0.1/ide/modules/ext/jaxb/api/jaxb-api.jar" />
    <property name="libs.eclipselink.classpath" value="/home/franko/netbeans-8.0.1/java/modules/ext/eclipselink/eclipselink.jar:/home/franko/netbeans-8.0.1/java/modules/ext/eclipselink/javax.persistence_2.1.0.v201304241213.jar:/home/franko/netbeans-8.0.1/java/modules/ext/eclipselink/org.eclipse.persistence.jpa.jpql_2.5.2.v20140319-9ad6abd.jar" />
    <property name="java.awt.graphicsenv" value="sun.awt.X11GraphicsEnvironment" />
    <property name="libs.beans-binding.javadoc" value="/home/franko/netbeans-8.0.1/java/docs/beansbinding-1.2.1-doc.zip" />
    <property name="ant.file.WebServer-impl" value="/home/franko/NetBeansProjects/TeamWebServer/nbproject/build-impl.xml" />
    <property name="java.vm.vendor" value="Oracle Corporation" />
    <property name="libs.CopyLibs.classpath" value="/home/franko/netbeans-8.0.1/java/ant/extra/org-netbeans-modules-java-j2seproject-copylibstask.jar" />
    <property name="libs.spring-framework300.classpath" value="/home/franko/netbeans-8.0.1/ide/modules/org-apache-commons-logging.jar:/home/franko/netbeans-8.0.1/java/modules/ext/cglib-2.2.jar:/home/franko/netbeans-8.0.1/java/modules/ext/spring-3.0/spring-aop-3.2.7.RELEASE.jar:/home/franko/netbeans-8.0.1/java/modules/ext/spring-3.0/spring-aspects-3.2.7.RELEASE.jar:/home/franko/netbeans-8.0.1/java/modules/ext/spring-3.0/spring-beans-3.2.7.RELEASE.jar:/home/franko/netbeans-8.0.1/java/modules/ext/spring-3.0/spring-build-src-3.2.7.RELEASE.jar:/home/franko/netbeans-8.0.1/java/modules/ext/spring-3.0/spring-context-3.2.7.RELEASE.jar:/home/franko/netbeans-8.0.1/java/modules/ext/spring-3.0/spring-context-support-3.2.7.RELEASE.jar:/home/franko/netbeans-8.0.1/java/modules/ext/spring-3.0/spring-core-3.2.7.RELEASE.jar:/home/franko/netbeans-8.0.1/java/modules/ext/spring-3.0/spring-expression-3.2.7.RELEASE.jar:/home/franko/netbeans-8.0.1/java/modules/ext/spring-3.0/spring-framework-bom-3.2.7.RELEASE.jar:/home/franko/netbeans-8.0.1/java/modules/ext/spring-3.0/spring-instrument-3.2.7.RELEASE.jar:/home/franko/netbeans-8.0.1/java/modules/ext/spring-3.0/spring-instrument-tomcat-3.2.7.RELEASE.jar:/home/franko/netbeans-8.0.1/java/modules/ext/spring-3.0/spring-jdbc-3.2.7.RELEASE.jar:/home/franko/netbeans-8.0.1/java/modules/ext/spring-3.0/spring-jms-3.2.7.RELEASE.jar:/home/franko/netbeans-8.0.1/java/modules/ext/spring-3.0/spring-orm-3.2.7.RELEASE.jar:/home/franko/netbeans-8.0.1/java/modules/ext/spring-3.0/spring-oxm-3.2.7.RELEASE.jar:/home/franko/netbeans-8.0.1/java/modules/ext/spring-3.0/spring-struts-3.2.7.RELEASE.jar:/home/franko/netbeans-8.0.1/java/modules/ext/spring-3.0/spring-test-3.2.7.RELEASE.jar:/home/franko/netbeans-8.0.1/java/modules/ext/spring-3.0/spring-tx-3.2.7.RELEASE.jar:/home/franko/netbeans-8.0.1/java/modules/ext/spring-3.0/spring-web-3.2.7.RELEASE.jar:/home/franko/netbeans-8.0.1/java/modules/ext/spring-3.0/spring-webmvc-3.2.7.RELEASE.jar:/home/franko/netbeans-8.0.1/java/modules/ext/spring-3.0/spring-webmvc-portlet-3.2.7.RELEASE.jar" />
    <property name="run.jvmargs" value="" />
    <property name="libs.hibernate4-persistence.classpath" value="/home/franko/netbeans-8.0.1/java/modules/ext/hibernate4/antlr-2.7.7.jar:/home/franko/netbeans-8.0.1/java/modules/ext/hibernate4/c3p0-0.9.2.1.jar:/home/franko/netbeans-8.0.1/java/modules/ext/hibernate4/hibernate-c3p0-4.3.1.Final.jar:/home/franko/netbeans-8.0.1/java/modules/ext/hibernate4/mchange-commons-java-0.2.3.4.jar:/home/franko/netbeans-8.0.1/java/modules/ext/hibernate4/dom4j-1.6.1.jar:/home/franko/netbeans-8.0.1/java/modules/ext/hibernate4/ehcache-core-2.4.3.jar:/home/franko/netbeans-8.0.1/java/modules/ext/hibernate4/hibernate-ehcache-4.3.1.Final.jar:/home/franko/netbeans-8.0.1/java/modules/ext/hibernate4/hibernate-core-4.3.1.Final.jar:/home/franko/netbeans-8.0.1/java/modules/ext/hibernate4/jboss-logging-3.1.3.GA.jar:/home/franko/netbeans-8.0.1/java/modules/ext/hibernate4/hibernate-commons-annotations-4.0.4.Final.jar:/home/franko/netbeans-8.0.1/java/modules/ext/hibernate4/hibernate-entitymanager-4.3.1.Final.jar:/home/franko/netbeans-8.0.1/java/modules/ext/hibernate4/javassist-3.18.1-GA.jar:/home/franko/netbeans-8.0.1/java/modules/ext/hibernate4/jboss-transaction-api_1.2_spec-1.0.0.Final.jar:/home/franko/netbeans-8.0.1/java/modules/ext/hibernate4/slf4j-api-1.6.1.jar:/home/franko/netbeans-8.0.1/java/modules/ext/hibernate4/slf4j-simple-1.6.1.jar:/home/franko/netbeans-8.0.1/java/modules/ext/hibernate4/hibernate-jpa-2.1-api-1.0.0.Final.jar" />
    <property name="dist.archive.excludes" value="" />
    <property name="libs.JAXB-ENDORSED.src" value="" />
    <property name="libs.testng.javadoc" value="/home/franko/netbeans-8.0.1/platform/docs/testng-6.8.1-javadoc.zip" />
    <property name="libs.PostgreSQLDriver.classpath" value="/home/franko/netbeans-8.0.1/ide/modules/ext/postgresql-9.2-1002.jdbc4.jar" />
    <property name="libs.hibernate4-persistencemodelgen.classpath" value="/home/franko/netbeans-8.0.1/java/modules/ext/hibernate4/hibernate-jpamodelgen-4.3.1.Final.jar" />
    <property name="libs.junit.src" value="" />
    <property name="annotation.processing.source.output" value="build/generated-sources/ap-source-output" />
    <property name="main.class" value="webserver.WebServer" />
    <property name="libs.CopyLibs.src" value="" />
    <property name="build.dir" value="build" />
    <property name="ant.version" value="Apache Ant(TM) version 1.9.4 compiled on April 29 2014" />
    <property name="file.encoding" value="UTF-8" />
    <property name="build.classes.excludes" value="**/*.java,**/*.form" />
    <property name="jdkBug6558476" value="false" />
    <property name="javadoc.nonavbar" value="false" />
    <property name="platform.active" value="default_platform" />
    <property name="awt.toolkit" value="sun.awt.X11.XToolkit" />
  </properties>
  <testcase classname="webserver.WebServerTest" name="testSimpleRequestHED_NOT_IMPLEMENT" time="0.004" />
  <testcase classname="webserver.WebServerTest" name="testFullRequestGET_OK" time="0.004" />
  <testcase classname="webserver.WebServerTest" name="testFullRequestHEAD_OK" time="0.0" />
  <testcase classname="webserver.WebServerTest" name="testFullRequestHEAD_NOT_FOUND" time="0.001" />
  <testcase classname="webserver.WebServerTest" name="testFullRequestGET_NOT_FOUND" time="0.001" />
  <testcase classname="webserver.WebServerTest" name="testFullRequestHED_NOT_IMPLEMENT" time="0.001" />
  <testcase classname="webserver.WebServerTest" name="testFullRequestHEAD_EMPTY_URL" time="0.001" />
  <testcase classname="webserver.WebServerTest" name="testFullRequestGET_EMPTY_URL" time="0.001" />
  <testcase classname="webserver.WebServerTest" name="testFullRequestHEAD_BAD_PROTOCOL" time="0.001" />
  <testcase classname="webserver.WebServerTest" name="testFullRequestGET_BAD_PROTOCOL" time="0.001" />
  <testcase classname="webserver.WebServerTest" name="testSimpleRequestGET_OK" time="0.0" />
  <testcase classname="webserver.WebServerTest" name="testSimpleRequestHEAD_OK" time="0.0" />
  <testcase classname="webserver.WebServerTest" name="testSimpleRequestHEAD_NOT_FOUND" time="0.0" />
  <testcase classname="webserver.WebServerTest" name="testSimpleRequestHEAD_EMPTY_URL" time="0.0" />
  <testcase classname="webserver.WebServerTest" name="testSimpleRequestGET_NOT_FOUND" time="0.001" />
  <system-out><![CDATA[]]></system-out>
  <system-err><![CDATA[]]></system-err>
</testsuite>
