<?xml version="1.0" encoding="UTF-8" ?>
<testsuite errors="0" failures="0" hostname="FAMILIAIVAN" name="webserver.WebServerTest" skipped="0" tests="15" time="0.156" timestamp="2014-11-27T01:11:47">
  <properties>
    <property name="libs.jsp-compiler.javadoc" value="" />
    <property name="netbeans.autoupdate.country" value="BO" />
    <property name="javac.test.classpath" value=":build/classes:C:\Archivos de programa\NetBeans 8.0\platform\modules\ext\junit-4.10.jar" />
    <property name="libs.jsf20.maven-pom" value="" />
    <property name="libs.DataBindingME.src" value="C:\Archivos de programa\NetBeans 8.0\mobility\sources\netbeans_databindingme-src.zip" />
    <property name="libs.junit.javadoc" value="C:\Archivos de programa\NetBeans 8.0\java\docs\junit-3.8.2-api.zip" />
    <property name="libs.spring-webmvc4.0.src" value="" />
    <property name="ant.core.lib" value="C:\Archivos de programa\NetBeans 8.0\extide\ant\lib\ant.jar" />
    <property name="javadoc.windowtitle" value="" />
    <property name="libs.jsp-compilation.javadoc" value="" />
    <property name="user.dir" value="D:\Alison\umss\Sem6\AS\repo\TeamWS\TeamWebServer" />
    <property name="libs.javaee-api-7.0.src" value="" />
    <property name="java.vm.version" value="25.20-b23" />
    <property name="libs.DataBindingME.classpath" value="C:\Archivos de programa\NetBeans 8.0\mobility\modules\ext\netbeans_databindingme.jar" />
    <property name="libs.j2me_common_ant.src" value="" />
    <property name="libs.MySQLDriver.classpath" value="C:\Archivos de programa\NetBeans 8.0\ide\modules\ext\mysql-connector-java-5.1.23-bin.jar" />
    <property name="ant.file.WebServer" value="D:\Alison\umss\Sem6\AS\repo\TeamWS\TeamWebServer\build.xml" />
    <property name="libs.eclipselinkmodelgen.src" value="" />
    <property name="javadoc.notree" value="false" />
    <property name="netbeans.autoupdate.version" value="1.23" />
    <property name="libs.javaee-web-api-6.0.classpath" value="C:\Archivos de programa\NetBeans 8.0\enterprise\modules\ext\javaee-web-api-6.0.jar" />
    <property name="libs.DataBindingME-PIM.maven-pom" value="" />
    <property name="javac.profile.cmd.line.arg" value="" />
    <property name="jdk.home" value="C:\Archivos de programa\Java\jdk1.8.0_20" />
    <property name="libs.javac-api.src" value="" />
    <property name="javadoc.noindex" value="false" />
    <property name="libs.jpa2-persistence.classpath" value="C:\Archivos de programa\NetBeans 8.0\java\modules\ext\hibernate4\hibernate-jpa-2.0-api-1.0.1.Final.jar" />
    <property name="sun.os.patch.level" value="Service Pack 3" />
    <property name="do.archive+manifest.available" value="true" />
    <property name="java.vm.specification.name" value="Java Virtual Machine Specification" />
    <property name="nb.show.statistics.ui" value="usageStatisticsEnabled" />
    <property name="netbeans.autoupdate.variant" value="" />
    <property name="have.tests" value="true" />
    <property name="org.xml.sax.driver" value="com.sun.org.apache.xerces.internal.jaxp.SAXParserImpl$JAXPSAXParser" />
    <property name="libs.javac-api.javadoc" value="" />
    <property name="os.name" value="Windows XP" />
    <property name="libs.beans-binding.classpath" value="C:\Archivos de programa\NetBeans 8.0\java\modules\ext\beansbinding-1.2.1.jar" />
    <property name="libs.javaee-endorsed-api-7.0.maven-pom" value="" />
    <property name="ap.proc.none.internal" value="" />
    <property name="libs.DataBindingME-SVG.javadoc" value="C:\Archivos de programa\NetBeans 8.0\mobility\modules\docs\netbeans_databindingme_svg-api.zip" />
    <property name="libs.restapi.javadoc" value="" />
    <property name="libs.JWSAntTasks.maven-pom" value="" />
    <property name="libs.jstl.classpath" value="C:\Archivos de programa\NetBeans 8.0\enterprise\modules\ext\jstl-impl.jar;C:\Archivos de programa\NetBeans 8.0\enterprise\modules\ext\jstl-api.jar" />
    <property name="libs.testng.src" value="" />
    <property name="nu.validator.spec.alt-advice" value="jar:file:/C:/Archivos%20de%20programa/NetBeans%208.0/ide/modules/ext/validator.jar!/nu/validator/localentities/files/wiki_whatwg_org_wiki_Validator_nu_alt_advice" />
    <property name="libs.spring-webmvc3.0.src" value="" />
    <property name="libs.restapi.classpath" value="C:\Archivos de programa\NetBeans 8.0\enterprise\modules\ext\jaxrs-2.0\javax.ws.rs-api-2.0.jar" />
    <property name="java.vendor.url.bug" value="http://bugreport.sun.com/bugreport/" />
    <property name="libs.jaxb.maven-pom" value="" />
    <property name="os.arch" value="x86" />
    <property name="libs.eclipselink.src" value="" />
    <property name="user.name" value="Usuario" />
    <property name="libs.jsf12.javadoc" value="C:\Archivos de programa\NetBeans 8.0\enterprise\docs\javaee-doc-api.jar" />
    <property name="copylibs.rebase" value="true" />
    <property name="libs.j2me_common_ant.maven-pom" value="" />
    <property name="libs.spring-webmvc3.0.maven-pom" value="" />
    <property name="libs.swing-layout.maven-pom" value="" />
    <property name="sun.java.command" value="org.apache.tools.ant.taskdefs.optional.junit.JUnitTestRunner webserver.WebServerTest filtertrace=true haltOnError=false haltOnFailure=false showoutput=true outputtoformatters=true logfailedtests=true logtestlistenerevents=true formatter=org.apache.tools.ant.taskdefs.optional.junit.BriefJUnitResultFormatter formatter=org.apache.tools.ant.taskdefs.optional.junit.XMLJUnitResultFormatter,D:\Alison\umss\Sem6\AS\repo\TeamWS\TeamWebServer\build\test\results\TEST-webserver.WebServerTest.xml crashfile=D:\Alison\umss\Sem6\AS\repo\TeamWS\TeamWebServer\build\junitvmwatcher4755589968118874448.properties propsfile=D:\Alison\umss\Sem6\AS\repo\TeamWS\TeamWebServer\build\junit4785277140449565227.properties" />
    <property name="build.classes.dir" value="build/classes" />
    <property name="netbeans.accept_license_class" value="org.netbeans.license.AcceptLicense" />
    <property name="build.sysclasspath" value="ignore" />
    <property name="ap.supported.internal" value="true" />
    <property name="libs.javaee-endorsed-api-7.0.javadoc" value="C:\Archivos de programa\NetBeans 8.0\enterprise\docs\javaee-doc-api.jar" />
    <property name="libs.jaxws21.javadoc" value="C:\Archivos de programa\NetBeans 8.0\java\docs\jaxws-api-doc.zip" />
    <property name="libs.spring-webmvc4.0.javadoc" value="" />
    <property name="includes" value="**" />
    <property name="user.country" value="BO" />
    <property name="manifest.file" value="manifest.mf" />
    <property name="javadoc.encoding" value="UTF-8" />
    <property name="javac.classpath" value="" />
    <property name="libs.jsp-compilation-syscp.src" value="" />
    <property name="libs.spring-framework400.classpath" value="C:\Archivos de programa\NetBeans 8.0\ide\modules\org-apache-commons-logging.jar;C:\Archivos de programa\NetBeans 8.0\java\modules\ext\cglib-2.2.jar;C:\Archivos de programa\NetBeans 8.0\java\modules\ext\spring-4\spring-aop-4.0.1.RELEASE.jar;C:\Archivos de programa\NetBeans 8.0\java\modules\ext\spring-4\spring-aspects-4.0.1.RELEASE.jar;C:\Archivos de programa\NetBeans 8.0\java\modules\ext\spring-4\spring-beans-4.0.1.RELEASE.jar;C:\Archivos de programa\NetBeans 8.0\java\modules\ext\spring-4\spring-build-src-4.0.1.RELEASE.jar;C:\Archivos de programa\NetBeans 8.0\java\modules\ext\spring-4\spring-context-4.0.1.RELEASE.jar;C:\Archivos de programa\NetBeans 8.0\java\modules\ext\spring-4\spring-context-support-4.0.1.RELEASE.jar;C:\Archivos de programa\NetBeans 8.0\java\modules\ext\spring-4\spring-core-4.0.1.RELEASE.jar;C:\Archivos de programa\NetBeans 8.0\java\modules\ext\spring-4\spring-expression-4.0.1.RELEASE.jar;C:\Archivos de programa\NetBeans 8.0\java\modules\ext\spring-4\spring-framework-bom-4.0.1.RELEASE.jar;C:\Archivos de programa\NetBeans 8.0\java\modules\ext\spring-4\spring-instrument-4.0.1.RELEASE.jar;C:\Archivos de programa\NetBeans 8.0\java\modules\ext\spring-4\spring-instrument-tomcat-4.0.1.RELEASE.jar;C:\Archivos de programa\NetBeans 8.0\java\modules\ext\spring-4\spring-jdbc-4.0.1.RELEASE.jar;C:\Archivos de programa\NetBeans 8.0\java\modules\ext\spring-4\spring-jms-4.0.1.RELEASE.jar;C:\Archivos de programa\NetBeans 8.0\java\modules\ext\spring-4\spring-messaging-4.0.1.RELEASE.jar;C:\Archivos de programa\NetBeans 8.0\java\modules\ext\spring-4\spring-orm-4.0.1.RELEASE.jar;C:\Archivos de programa\NetBeans 8.0\java\modules\ext\spring-4\spring-oxm-4.0.1.RELEASE.jar;C:\Archivos de programa\NetBeans 8.0\java\modules\ext\spring-4\spring-test-4.0.1.RELEASE.jar;C:\Archivos de programa\NetBeans 8.0\java\modules\ext\spring-4\spring-tx-4.0.1.RELEASE.jar;C:\Archivos de programa\NetBeans 8.0\java\modules\ext\spring-4\spring-web-4.0.1.RELEASE.jar;C:\Archivos de programa\NetBeans 8.0\java\modules\ext\spring-4\spring-webmvc-4.0.1.RELEASE.jar;C:\Archivos de programa\NetBeans 8.0\java\modules\ext\spring-4\spring-webmvc-portlet-4.0.1.RELEASE.jar;C:\Archivos de programa\NetBeans 8.0\java\modules\ext\spring-4\spring-websocket-4.0.1.RELEASE.jar" />
    <property name="debug-transport" value="dt_shmem" />
    <property name="netbeans.home" value="C:\Archivos de programa\NetBeans 8.0\platform" />
    <property name="build.compiler.emacs" value="true" />
    <property name="libs.javaee-web-api-6.0.src" value="" />
    <property name="libs.jsp-compilation-syscp.classpath" value="C:\Archivos de programa\NetBeans 8.0\extide\ant\lib\ant.jar;C:\Archivos de programa\NetBeans 8.0\enterprise\modules\ext\servlet3.1-jsp2.3-api.jar;C:\Archivos de programa\NetBeans 8.0\enterprise\modules\ext\glassfish-jspparser-4.0.jar;C:\Archivos de programa\NetBeans 8.0\enterprise\modules\ext\jstl-impl.jar;C:\Archivos de programa\NetBeans 8.0\enterprise\modules\ext\jsf-2_2\javax.faces.jar" />
    <property name="java.endorsed.dirs" value="C:\Archivos de programa\Java\jdk1.8.0_20\jre\lib\endorsed" />
    <property name="libs.groovy-all.src" value="" />
    <property name="netbeans.dynamic.classpath" value="C:\Archivos de programa\NetBeans 8.0\platform\core\core.jar;C:\Archivos de programa\NetBeans 8.0\platform\core\org-openide-filesystems.jar;C:\Archivos de programa\NetBeans 8.0\platform\core\locale\core_ja.jar;C:\Archivos de programa\NetBeans 8.0\platform\core\locale\core_pt_BR.jar;C:\Archivos de programa\NetBeans 8.0\platform\core\locale\core_ru.jar;C:\Archivos de programa\NetBeans 8.0\platform\core\locale\core_zh_CN.jar;C:\Archivos de programa\NetBeans 8.0\platform\core\locale\org-openide-filesystems_ja.jar;C:\Archivos de programa\NetBeans 8.0\platform\core\locale\org-openide-filesystems_pt_BR.jar;C:\Archivos de programa\NetBeans 8.0\platform\core\locale\org-openide-filesystems_ru.jar;C:\Archivos de programa\NetBeans 8.0\platform\core\locale\org-openide-filesystems_zh_CN.jar;C:\Archivos de programa\NetBeans 8.0\nb\core\org-netbeans-upgrader.jar;C:\Archivos de programa\NetBeans 8.0\nb\core\locale\core_nb.jar;C:\Archivos de programa\NetBeans 8.0\nb\core\locale\core_nb_ja.jar;C:\Archivos de programa\NetBeans 8.0\nb\core\locale\core_nb_pt_BR.jar;C:\Archivos de programa\NetBeans 8.0\nb\core\locale\core_nb_ru.jar;C:\Archivos de programa\NetBeans 8.0\nb\core\locale\core_nb_zh_CN.jar;C:\Archivos de programa\NetBeans 8.0\nb\core\locale\org-netbeans-upgrader_ja.jar;C:\Archivos de programa\NetBeans 8.0\nb\core\locale\org-netbeans-upgrader_pt_BR.jar;C:\Archivos de programa\NetBeans 8.0\nb\core\locale\org-netbeans-upgrader_ru.jar;C:\Archivos de programa\NetBeans 8.0\nb\core\locale\org-netbeans-upgrader_zh_CN.jar" />
    <property name="java.vm.specification.version" value="1.8" />
    <property name="libs.hibernate4-support.src" value="" />
    <property name="libs.primefaces.classpath" value="C:\Archivos de programa\NetBeans 8.0\enterprise\modules\ext\primefaces\primefaces-4.0.jar" />
    <property name="libs.javaee-api-6.0.classpath" value="C:\Archivos de programa\NetBeans 8.0\enterprise\modules\ext\javaee-api-6.0.jar" />
    <property name="libs.groovy-all.maven-pom" value="" />
    <property name="netbeans.productversion" value="NetBeans IDE 8.0 (Build 201403101706)" />
    <property name="libs.jaxws21.src" value="" />
    <property name="do.archive" value="true" />
    <property name="ant.file.type.WebServer" value="file" />
    <property name="netbeans.autoupdate.language" value="es" />
    <property name="java.vendor" value="Oracle Corporation" />
    <property name="libs.javaee-api-6.0.javadoc" value="C:\Archivos de programa\NetBeans 8.0\enterprise\docs\javaee-doc-api.jar" />
    <property name="jar.index.metainf" value="false" />
    <property name="javac.debug" value="true" />
    <property name="javadoc.splitindex" value="true" />
    <property name="file.separator" value="\" />
    <property name="libs.junit_4.maven-pom" value="" />
    <property name="mkdist.disabled" value="false" />
    <property name="javac.test.processorpath" value=":build/classes:C:\Archivos de programa\NetBeans 8.0\platform\modules\ext\junit-4.10.jar" />
    <property name="netbeans.buildnumber" value="201403101706" />
    <property name="libs.JWSAntTasks.javadoc" value="" />
    <property name="build.generated.sources.dir" value="build/generated-sources" />
    <property name="user.variant" value="" />
    <property name="libs.eclipselinkmodelgen.classpath" value="C:\Archivos de programa\NetBeans 8.0\java\modules\ext\eclipselink\org.eclipse.persistence.jpa.modelgen_2.5.1.v20130918-f2b9fc5.jar" />
    <property name="libs.javaee-endorsed-api-7.0.src" value="" />
    <property name="sun.java.launcher" value="SUN_STANDARD" />
    <property name="libs.junit.classpath" value="C:\Archivos de programa\NetBeans 8.0\java\modules\ext\junit-3.8.2.jar" />
    <property name="libs.hibernate4-persistencemodelgen.javadoc" value="" />
    <property name="libs.jaxb.javadoc" value="C:\Archivos de programa\NetBeans 8.0\ide\docs\jaxb-api-doc.zip" />
    <property name="libs.struts.classpath" value="C:\Archivos de programa\NetBeans 8.0\enterprise\modules\ext\struts\antlr-2.7.2.jar;C:\Archivos de programa\NetBeans 8.0\enterprise\modules\ext\struts\bsf-2.3.0.jar;C:\Archivos de programa\NetBeans 8.0\enterprise\modules\ext\struts\commons-beanutils-1.8.0.jar;C:\Archivos de programa\NetBeans 8.0\enterprise\modules\ext\struts\commons-chain-1.2.jar;C:\Archivos de programa\NetBeans 8.0\enterprise\modules\ext\struts\commons-digester-1.8.jar;C:\Archivos de programa\NetBeans 8.0\enterprise\modules\ext\struts\commons-fileupload-1.1.1.jar;C:\Archivos de programa\NetBeans 8.0\enterprise\modules\ext\struts\commons-io-1.1.jar;C:\Archivos de programa\NetBeans 8.0\enterprise\modules\ext\struts\commons-logging-1.0.4.jar;C:\Archivos de programa\NetBeans 8.0\enterprise\modules\ext\struts\commons-validator-1.3.1.jar;C:\Archivos de programa\NetBeans 8.0\enterprise\modules\ext\struts\jstl-1.0.2.jar;C:\Archivos de programa\NetBeans 8.0\enterprise\modules\ext\struts\oro-2.0.8.jar;C:\Archivos de programa\NetBeans 8.0\enterprise\modules\ext\struts\standard-1.0.6.jar;C:\Archivos de programa\NetBeans 8.0\enterprise\modules\ext\struts\struts-core-1.3.10.jar;C:\Archivos de programa\NetBeans 8.0\enterprise\modules\ext\struts\struts-el-1.3.10.jar;C:\Archivos de programa\NetBeans 8.0\enterprise\modules\ext\struts\struts-extras-1.3.10.jar;C:\Archivos de programa\NetBeans 8.0\enterprise\modules\ext\struts\struts-faces-1.3.10.jar;C:\Archivos de programa\NetBeans 8.0\enterprise\modules\ext\struts\struts-mailreader-dao-1.3.10.jar;C:\Archivos de programa\NetBeans 8.0\enterprise\modules\ext\struts\struts-scripting-1.3.10.jar;C:\Archivos de programa\NetBeans 8.0\enterprise\modules\ext\struts\struts-taglib-1.3.10.jar;C:\Archivos de programa\NetBeans 8.0\enterprise\modules\ext\struts\struts-tiles-1.3.10.jar" />
    <property name="ant.home" value="C:\Archivos de programa\NetBeans 8.0\extide\ant" />
    <property name="libs.junit_4.src" value="C:\Archivos de programa\NetBeans 8.0\java\docs\junit-4.10-sources.jar" />
    <property name="libs.testng.classpath" value="C:\Archivos de programa\NetBeans 8.0\platform\modules\ext\testng-6.8.1-dist.jar" />
    <property name="libs.absolutelayout.maven-pom" value="" />
    <property name="ant.java.version" value="1.8" />
    <property name="java.library.path" value="C:\Archivos de programa\Java\jdk1.8.0_20\jre\bin;C:\WINDOWS\Sun\Java\bin;C:\WINDOWS\system32;C:\WINDOWS;C:\Documents and Settings\All Users\Datos de programa\Oracle\Java\javapath;C:\Archivos de programa\ImageMagick-6.8.9-Q16;C:\RailsInstaller\Git\cmd;C:\RailsInstaller\Ruby2.0.0\bin;C:\Archivos de programa\Haskell\bin;C:\Archivos de programa\Haskell Platform\2013.2.0.0\lib\extralibs\bin;C:\Archivos de programa\Haskell Platform\2013.2.0.0\bin;C:\Archivos de programa\Microchip\xc8\v1.12\bin;C:\Perl\site\bin;C:\Perl\bin;C:\Archivos de programa\MiKTeX 2.7\miktex\bin;C:\WINDOWS\system32;C:\WINDOWS;C:\WINDOWS\system32\WBEM;C:\texmf\miktex\bin;C:\Archivos de programa\Intel\DMIX;C:\ARCHIV~1\PICC;C:\Archivos de programa\Haskell Platform\2013.2.0.0\mingw\bin;C:\Archivos de programa\Subversion\bin;C:\Archivos de programa\TortoiseSVN\bin;C:\Documents and Settings\Usuario\Datos de programa\cabal\bin;C:\Archivos de programa\Java\jdk1.6.0\bin;C:\Archivos de programa\Java\jdk1.7.0_51\bin;;." />
    <property name="javadoc.author" value="false" />
    <property name="libs.metro.maven-pom" value="" />
    <property name="java.util.logging.config.class" value="org.netbeans.core.startup.TopLogging" />
    <property name="libs.spring-framework400.src" value="" />
    <property name="libs.PostgreSQLDriver.src" value="" />
    <property name="sun.arch.data.model" value="32" />
    <property name="basedir" value="D:\Alison\umss\Sem6\AS\repo\TeamWS\TeamWebServer" />
    <property name="libs.jpa20-persistence.maven-pom" value="" />
    <property name="jar.compress" value="false" />
    <property name="libs.javaee-web-api-7.0.classpath" value="C:\Archivos de programa\NetBeans 8.0\enterprise\modules\ext\javaee-web-api-7.0.jar" />
    <property name="path.separator" value=";" />
    <property name="libs.javaee-web-api-6.0.javadoc" value="C:\Archivos de programa\NetBeans 8.0\enterprise\docs\javaee-doc-api.jar" />
    <property name="ant.junit.enabletestlistenerevents" value="true" />
    <property name="sun.io.unicode.encoding" value="UnicodeLittle" />
    <property name="libs.jaxws21.classpath" value="C:\Archivos de programa\NetBeans 8.0\ide\modules\ext\jaxb\jaxb-impl.jar;C:\Archivos de programa\NetBeans 8.0\ide\modules\ext\jaxb\jaxb-xjc.jar;C:\Archivos de programa\NetBeans 8.0\java\modules\ext\jaxws22\FastInfoset.jar;C:\Archivos de programa\NetBeans 8.0\java\modules\ext\jaxws22\gmbal-api-only.jar;C:\Archivos de programa\NetBeans 8.0\java\modules\ext\jaxws22\ha-api.jar;C:\Archivos de programa\NetBeans 8.0\java\modules\ext\jaxws22\javax.mail_1.4.jar;C:\Archivos de programa\NetBeans 8.0\java\modules\ext\jaxws22\jaxws-rt.jar;C:\Archivos de programa\NetBeans 8.0\java\modules\ext\jaxws22\jaxws-tools.jar;C:\Archivos de programa\NetBeans 8.0\java\modules\ext\jaxws22\management-api.jar;C:\Archivos de programa\NetBeans 8.0\java\modules\ext\jaxws22\mimepull.jar;C:\Archivos de programa\NetBeans 8.0\java\modules\ext\jaxws22\policy.jar;C:\Archivos de programa\NetBeans 8.0\java\modules\ext\jaxws22\saaj-impl.jar;C:\Archivos de programa\NetBeans 8.0\java\modules\ext\jaxws22\stax-ex.jar;C:\Archivos de programa\NetBeans 8.0\java\modules\ext\jaxws22\stax2-api.jar;C:\Archivos de programa\NetBeans 8.0\java\modules\ext\jaxws22\streambuffer.jar;C:\Archivos de programa\NetBeans 8.0\java\modules\ext\jaxws22\woodstox-core-asl.jar;C:\Archivos de programa\NetBeans 8.0\java\modules\ext\jaxws22\api\jaxws-api.jar;C:\Archivos de programa\NetBeans 8.0\java\modules\ext\jaxws22\api\jsr181-api.jar;C:\Archivos de programa\NetBeans 8.0\java\modules\ext\jaxws22\api\javax.annotation.jar;C:\Archivos de programa\NetBeans 8.0\java\modules\ext\jaxws22\api\saaj-api.jar;C:\Archivos de programa\NetBeans 8.0\ide\modules\ext\jaxb\activation.jar;C:\Archivos de programa\NetBeans 8.0\ide\modules\ext\jaxb\api\jaxb-api.jar;C:\Archivos de programa\NetBeans 8.0\ide\modules\ext\jaxb\api\jsr173_1.0_api.jar" />
    <property name="libs.struts.src" value="" />
    <property name="apple.awt.graphics.UseQuartz" value="true" />
    <property name="user.language" value="es" />
    <property name="testng.mode" value="testng" />
    <property name="libs.JAXB-ENDORSED.maven-pom" value="" />
    <property name="libs.eclipselink.maven-pom" value="" />
    <property name="test.binaryincludes" value="&lt;nothing&gt;" />
    <property name="manifest.available" value="true" />
    <property name="libs.primefaces.javadoc" value="" />
    <property name="libs.spring-framework300.maven-pom" value="" />
    <property name="run.test.classpath" value=":build/classes:C:\Archivos de programa\NetBeans 8.0\platform\modules\ext\junit-4.10.jar:build/test/classes" />
    <property name="ant.project.invoked-targets" value="test" />
    <property name="test.binaryexcludes" value="" />
    <property name="libs.swing-layout.javadoc" value="C:\Archivos de programa\NetBeans 8.0\platform\docs\swing-layout-1.0.4-doc.zip" />
    <property name="sun.java2d.dpiaware" value="true" />
    <property name="libs.hibernate4-persistence.maven-pom" value="" />
    <property name="libs.DataBindingME-SVG.classpath" value="C:\Archivos de programa\NetBeans 8.0\mobility\modules\ext\netbeans_databindingme_svg.jar" />
    <property name="https.nonProxyHosts" value="localhost|127.0.0.1|FAMILIAIVAN" />
    <property name="libs.PostgreSQLDriver.maven-pom" value="" />
    <property name="java.class.version" value="52.0" />
    <property name="libs.hibernate4-persistencemodelgen.maven-pom" value="" />
    <property name="libs.javaee-endorsed-api-6.0.src" value="" />
    <property name="libs.eclipselink.javadoc" value="" />
    <property name="libs.jsp-compilation.maven-pom" value="" />
    <property name="user.properties.file" value="C:\Documents and Settings\Usuario\Datos de programa\NetBeans\8.0\build.properties" />
    <property name="runtime.encoding" value="UTF-8" />
    <property name="libs.javac-api.maven-pom" value="" />
    <property name="file.encoding.pkg" value="sun.io" />
    <property name="sun.cpu.endian" value="little" />
    <property name="libs.JAXB-ENDORSED.javadoc" value="" />
    <property name="libs.JWSAntTasks.classpath" value="C:\Archivos de programa\NetBeans 8.0\java\ant\extra\org-netbeans-modules-javawebstart-anttasks.jar" />
    <property name="libs.spring-webmvc4.0.maven-pom" value="" />
    <property name="libs.spring-framework300.src" value="" />
    <property name="libs.jstl.src" value="" />
    <property name="empty.dir" value="D:\Alison\umss\Sem6\AS\repo\TeamWS\TeamWebServer\build\empty" />
    <property name="version-output" value="java version &quot;1.8" />
    <property name="test.binarytestincludes" value="" />
    <property name="libs.hibernate4-persistencemodelgen.src" value="" />
    <property name="javadoc.preview" value="true" />
    <property name="libs.jpa20-persistence.javadoc" value="" />
    <property name="java.home" value="C:\Archivos de programa\Java\jdk1.8.0_20\jre" />
    <property name="libs.jsp-compilation.src" value="" />
    <property name="debug.test.classpath" value=":build/classes:C:\Archivos de programa\NetBeans 8.0\platform\modules\ext\junit-4.10.jar:build/test/classes" />
    <property name="libs.javaee-endorsed-api-6.0.classpath" value="C:\Archivos de programa\NetBeans 8.0\enterprise\modules\ext\javaee6-endorsed\javax.annotation.jar;C:\Archivos de programa\NetBeans 8.0\enterprise\modules\ext\javaee6-endorsed\jaxb-api-osgi.jar;C:\Archivos de programa\NetBeans 8.0\enterprise\modules\ext\javaee6-endorsed\webservices-api-osgi.jar" />
    <property name="libs.javaee-api-6.0.src" value="" />
    <property name="netbeans.importclass" value="org.netbeans.upgrade.AutoUpgrade" />
    <property name="ant.project.default-target" value="default" />
    <property name="annotation.processing.run.all.processors" value="true" />
    <property name="libs.DataBindingME.maven-pom" value="" />
    <property name="libs.PostgreSQLDriver.javadoc" value="" />
    <property name="libs.restlib.classpath" value="C:\Archivos de programa\NetBeans 8.0\enterprise\modules\ext\jersey2\ext\asm-all-repackaged-2.1.88.jar;C:\Archivos de programa\NetBeans 8.0\enterprise\modules\ext\jersey2\ext\cglib-2.1.88.jar;C:\Archivos de programa\NetBeans 8.0\enterprise\modules\ext\jersey2\ext\guava-14.0.1.jar;C:\Archivos de programa\NetBeans 8.0\enterprise\modules\ext\jersey2\ext\hk2-api-2.1.88.jar;C:\Archivos de programa\NetBeans 8.0\enterprise\modules\ext\jersey2\ext\hk2-locator-2.1.88.jar;C:\Archivos de programa\NetBeans 8.0\enterprise\modules\ext\jersey2\ext\hk2-utils-2.1.88.jar;C:\Archivos de programa\NetBeans 8.0\enterprise\modules\ext\jersey2\ext\javax.annotation-api-1.2.jar;C:\Archivos de programa\NetBeans 8.0\enterprise\modules\ext\jersey2\ext\javax.inject-2.1.88.jar;C:\Archivos de programa\NetBeans 8.0\enterprise\modules\ext\jersey2\ext\javax.servlet-api-3.1.0.jar;C:\Archivos de programa\NetBeans 8.0\enterprise\modules\ext\jersey2\ext\jaxb-api-2.2.7.jar;C:\Archivos de programa\NetBeans 8.0\enterprise\modules\ext\jersey2\ext\org.osgi.core-4.2.0.jar;C:\Archivos de programa\NetBeans 8.0\enterprise\modules\ext\jersey2\ext\osgi-resource-locator-1.0.1.jar;C:\Archivos de programa\NetBeans 8.0\enterprise\modules\ext\jersey2\ext\persistence-api-1.0.jar;C:\Archivos de programa\NetBeans 8.0\enterprise\modules\ext\jersey2\ext\validation-api-1.1.0.jar;C:\Archivos de programa\NetBeans 8.0\enterprise\modules\ext\jersey2\jersey-client.jar;C:\Archivos de programa\NetBeans 8.0\enterprise\modules\ext\jersey2\jersey-common.jar;C:\Archivos de programa\NetBeans 8.0\enterprise\modules\ext\jersey2\jersey-container-servlet.jar;C:\Archivos de programa\NetBeans 8.0\enterprise\modules\ext\jersey2\jersey-container-servlet-core.jar;C:\Archivos de programa\NetBeans 8.0\enterprise\modules\ext\jersey2\jersey-server.jar;C:\Archivos de programa\NetBeans 8.0\enterprise\modules\ext\jersey2\extensions\jackson-core-asl-1.9.11.jar;C:\Archivos de programa\NetBeans 8.0\enterprise\modules\ext\jersey2\extensions\jackson-jaxrs-1.9.11.jar;C:\Archivos de programa\NetBeans 8.0\enterprise\modules\ext\jersey2\extensions\jackson-mapper-asl-1.9.11.jar;C:\Archivos de programa\NetBeans 8.0\enterprise\modules\ext\jersey2\extensions\jackson-xc-1.9.11.jar;C:\Archivos de programa\NetBeans 8.0\enterprise\modules\ext\jersey2\extensions\jersey-media-json-jackson-2.0.jar;C:\Archivos de programa\NetBeans 8.0\enterprise\modules\ext\jersey2\extensions\jersey-media-json-jettison-2.0.jar;C:\Archivos de programa\NetBeans 8.0\enterprise\modules\ext\jersey2\extensions\jettison-1.3.3.jar" />
    <property name="libs.MySQLDriver.maven-pom" value="" />
    <property name="libs.hibernate4-persistence.javadoc" value="" />
    <property name="http.nonProxyHosts" value="localhost|127.0.0.1|FAMILIAIVAN" />
    <property name="libs.junit_4.javadoc" value="C:\Archivos de programa\NetBeans 8.0\java\docs\junit-4.10-javadoc.jar" />
    <property name="libs.javaee-web-api-6.0.maven-pom" value="" />
    <property name="run.classpath" value=":build/classes" />
    <property name="jna.boot.library.name" value="jnidispatch-340" />
    <property name="libs.javaee-endorsed-api-6.0.javadoc" value="C:\Archivos de programa\NetBeans 8.0\enterprise\docs\javaee-doc-api.jar" />
    <property name="libs.javaee-api-7.0.classpath" value="C:\Archivos de programa\NetBeans 8.0\enterprise\modules\ext\javaee-api-7.0.jar" />
    <property name="sun.awt.datatransfer.timeout" value="1000" />
    <property name="libs.spring-webmvc3.0.javadoc" value="" />
    <property name="libs.jpa2-persistence.maven-pom" value="" />
    <property name="annotation.processing.enabled.in.editor" value="false" />
    <property name="libs.hibernate4-support.classpath" value="C:\Archivos de programa\NetBeans 8.0\java\modules\ext\hibernate4\antlr-2.7.7.jar;C:\Archivos de programa\NetBeans 8.0\java\modules\ext\hibernate4\c3p0-0.9.2.1.jar;C:\Archivos de programa\NetBeans 8.0\java\modules\ext\hibernate4\hibernate-c3p0-4.2.6.Final.jar;C:\Archivos de programa\NetBeans 8.0\java\modules\ext\hibernate4\dom4j-1.6.1.jar;C:\Archivos de programa\NetBeans 8.0\java\modules\ext\hibernate4\ehcache-core-2.4.3.jar;C:\Archivos de programa\NetBeans 8.0\java\modules\ext\hibernate4\hibernate-ehcache-4.2.6.Final.jar;C:\Archivos de programa\NetBeans 8.0\java\modules\ext\hibernate4\hibernate-core-4.2.6.Final.jar;C:\Archivos de programa\NetBeans 8.0\java\modules\ext\hibernate4\jboss-logging-3.1.0.GA.jar;C:\Archivos de programa\NetBeans 8.0\java\modules\ext\hibernate4\hibernate-commons-annotations-4.0.2.Final.jar;C:\Archivos de programa\NetBeans 8.0\java\modules\ext\hibernate4\hibernate-entitymanager-4.2.6.Final.jar;C:\Archivos de programa\NetBeans 8.0\java\modules\ext\hibernate4\javassist-3.15.0-GA.jar;C:\Archivos de programa\NetBeans 8.0\java\modules\ext\hibernate4\jboss-transaction-api_1.1_spec-1.0.1.Final.jar;C:\Archivos de programa\NetBeans 8.0\java\modules\ext\hibernate4\slf4j-api-1.6.1.jar;C:\Archivos de programa\NetBeans 8.0\java\modules\ext\hibernate4\slf4j-simple-1.6.1.jar" />
    <property name="nb.native.filechooser" value="false" />
    <property name="libs.restapi.src" value="" />
    <property name="sun.management.compiler" value="HotSpot Client Compiler" />
    <property name="libs.j2me_common_ant.javadoc" value="" />
    <property name="javac.deprecation" value="false" />
    <property name="javadoc.use" value="true" />
    <property name="sun.java2d.noddraw" value="true" />
    <property name="libs.jsp-compiler.classpath" value="C:\Archivos de programa\NetBeans 8.0\enterprise\ant\extra\jspcompile.jar" />
    <property name="javac.processorpath" value="" />
    <property name="javac.compilerargs" value="" />
    <property name="ant.file" value="D:\Alison\umss\Sem6\AS\repo\TeamWS\TeamWebServer\build.xml" />
    <property name="libs.beans-binding.maven-pom" value="" />
    <property name="libs.hibernate4-support.javadoc" value="" />
    <property name="libs.jsf12.classpath" value="C:\Archivos de programa\NetBeans 8.0\enterprise\modules\ext\jsf-1_2\commons-beanutils.jar;C:\Archivos de programa\NetBeans 8.0\enterprise\modules\ext\jsf-1_2\commons-collections.jar;C:\Archivos de programa\NetBeans 8.0\enterprise\modules\ext\jsf-1_2\commons-digester.jar;C:\Archivos de programa\NetBeans 8.0\enterprise\modules\ext\jsf-1_2\commons-logging.jar;C:\Archivos de programa\NetBeans 8.0\enterprise\modules\ext\jsf-1_2\jsf-api.jar;C:\Archivos de programa\NetBeans 8.0\enterprise\modules\ext\jsf-1_2\jsf-impl.jar" />
    <property name="libs.jstl.maven-pom" value="" />
    <property name="libs.restapi.maven-pom" value="" />
    <property name="libs.beans-binding.src" value="" />
    <property name="java.vm.specification.vendor" value="Oracle Corporation" />
    <property name="libs.DataBindingME-PIM.javadoc" value="C:\Archivos de programa\NetBeans 8.0\mobility\modules\docs\netbeans_databindingme_pim-api.zip" />
    <property name="libs.swing-layout.src" value="C:\Archivos de programa\NetBeans 8.0\platform\docs\swing-layout-1.0.4-src.zip" />
    <property name="org.openide.major.version" value="IDE/1" />
    <property name="java.vm.name" value="Java HotSpot(TM) Client VM" />
    <property name="netbeans.user" value="C:\Documents and Settings\Usuario\Datos de programa\NetBeans\8.0" />
    <property name="javadoc.additionalparam" value="" />
    <property name="java.io.tmpdir" value="C:\DOCUME~1\Usuario\CONFIG~1\Temp\" />
    <property name="java.vendor.url" value="http://java.oracle.com/" />
    <property name="endorsed.classpath.cmd.line.arg" value="" />
    <property name="junit.available" value="true" />
    <property name="libs.jsp-compiler.src" value="" />
    <property name="sun.boot.library.path" value="C:\Archivos de programa\Java\jdk1.8.0_20\jre\bin" />
    <property name="have.sources" value="true" />
    <property name="debug.classpath" value=":build/classes" />
    <property name="javadoc.private" value="false" />
    <property name="test.src.dir" value="test" />
    <property name="libs.jsf20.classpath" value="C:\Archivos de programa\NetBeans 8.0\enterprise\modules\ext\jsf-2_2\javax.faces.jar" />
    <property name="ap.processors.internal" value="" />
    <property name="meta.inf.dir" value="src/META-INF" />
    <property name="javadoc.encoding.used" value="UTF-8" />
    <property name="libs.DataBindingME-SVG.src" value="C:\Archivos de programa\NetBeans 8.0\mobility\sources\netbeans_databindingme_svg-src.zip" />
    <property name="dist.jar" value="dist/WebServer.jar" />
    <property name="libs.spring-framework400.maven-pom" value="" />
    <property name="java.runtime.name" value="Java(TM) SE Runtime Environment" />
    <property name="ant.project.name" value="WebServer" />
    <property name="netbeans.hash.code" value="unique=NB_CND_EXTIDE_GROOVY_JAVA_JC_MOB_PHP_WEBCOMMON_WEBEE06d01c28e-d1d5-484c-a899-48d20572ce5d_2580c4d0-002e-4ae7-b14c-bd21110c4d7e" />
    <property name="netbeans.default_userdir_root" value="C:\Documents and Settings\Usuario\Datos de programa\NetBeans" />
    <property name="libs.jsp-compilation-syscp.maven-pom" value="" />
    <property name="sun.cpu.isalist" value="pentium_pro+mmx pentium_pro pentium+mmx pentium i486 i386 i86" />
    <property name="libs.spring-framework400.javadoc" value="" />
    <property name="libs.CopyLibs.javadoc" value="" />
    <property name="ant.file.type.WebServer-impl" value="file" />
    <property name="org.openide.specification.version" value="6.2" />
    <property name="libs.DataBindingME-PIM.classpath" value="C:\Archivos de programa\NetBeans 8.0\mobility\modules\ext\netbeans_databindingme_pim.jar" />
    <property name="user.home" value="C:\Documents and Settings\Usuario" />
    <property name="annotation.processing.processors.list" value="" />
    <property name="libs.primefaces.maven-pom" value="" />
    <property name="debug-args-line" value="-Xdebug" />
    <property name="libs.javaee-api-6.0.maven-pom" value="" />
    <property name="libs.JWSAntTasks.src" value="" />
    <property name="jar.index" value="false" />
    <property name="libs.CopyLibs.maven-pom" value="" />
    <property name="libs.spring-framework300.javadoc" value="" />
    <property name="libs.absolutelayout.javadoc" value="" />
    <property name="java.specification.name" value="Java Platform API Specification" />
    <property name="nu.validator.spec.microsyntax-descriptions" value="jar:file:/C:/Archivos%20de%20programa/NetBeans%208.0/ide/modules/ext/validator.jar!/nu/validator/localentities/files/wiki_whatwg_org_wiki_MicrosyntaxDescriptions" />
    <property name="do.archive+main.class.available" value="true" />
    <property name="java.specification.vendor" value="Oracle Corporation" />
    <property name="libs.javac-api.classpath" value="C:\Archivos de programa\NetBeans 8.0\java\modules\ext\nb-javac-api.jar" />
    <property name="java.version" value="1.8.0_20" />
    <property name="run.jvmargs.ide" value="" />
    <property name="javadoc.version" value="false" />
    <property name="libs.MySQLDriver.javadoc" value="" />
    <property name="org.openide.version" value="deprecated" />
    <property name="platform.java" value="C:\Archivos de programa\Java\jdk1.8.0_20\jre/bin/java" />
    <property name="source.encoding" value="UTF-8" />
    <property name="ap.cmd.line.internal" value="" />
    <property name="libs.eclipselinkmodelgen.maven-pom" value="" />
    <property name="libs.jsp-compilation-syscp.javadoc" value="" />
    <property name="libs.junit.maven-pom" value="" />
    <property name="libs.eclipselinkmodelgen.javadoc" value="" />
    <property name="libs.javaee-endorsed-api-7.0.classpath" value="C:\Archivos de programa\NetBeans 8.0\enterprise\modules\ext\javaee7-endorsed\javax.annotation-api.jar;C:\Archivos de programa\NetBeans 8.0\enterprise\modules\ext\javaee7-endorsed\javax.xml.soap-api.jar;C:\Archivos de programa\NetBeans 8.0\enterprise\modules\ext\javaee7-endorsed\jaxb-api-osgi.jar;C:\Archivos de programa\NetBeans 8.0\enterprise\modules\ext\javaee7-endorsed\jaxws-api.jar;C:\Archivos de programa\NetBeans 8.0\enterprise\modules\ext\javaee7-endorsed\jsr181-api.jar" />
    <property name="libs.metro.javadoc" value="C:\Archivos de programa\NetBeans 8.0\enterprise\docs\metro-1.4-doc.zip" />
    <property name="libs.struts.maven-pom" value="" />
    <property name="netbeans.home+have.tests" value="true" />
    <property name="annotation.processing.processor.options" value="" />
    <property name="libs.testng.maven-pom" value="" />
    <property name="libs.jaxb.src" value="" />
    <property name="work.dir" value="D:\Alison\umss\Sem6\AS\repo\TeamWS\TeamWebServer" />
    <property name="libs.jaxb.classpath" value="C:\Archivos de programa\NetBeans 8.0\ide\modules\ext\jaxb\jaxb-impl.jar;C:\Archivos de programa\NetBeans 8.0\ide\modules\ext\jaxb\jaxb-xjc.jar;C:\Archivos de programa\NetBeans 8.0\ide\modules\ext\jaxb\jaxb1-impl.jar;C:\Archivos de programa\NetBeans 8.0\ide\modules\ext\jaxb\activation.jar;C:\Archivos de programa\NetBeans 8.0\ide\modules\ext\jaxb\api\jaxb-api.jar;C:\Archivos de programa\NetBeans 8.0\ide\modules\ext\jaxb\api\jsr173_1.0_api.jar" />
    <property name="do.depend" value="false" />
    <property name="libs.j2me_common_ant.classpath" value="C:\Archivos de programa\NetBeans 8.0\mobility\modules\org-netbeans-modules-j2me-common-ant.jar;C:\Archivos de programa\NetBeans 8.0\java\modules\org-netbeans-modules-classfile.jar" />
    <property name="dist.javadoc.dir" value="dist/javadoc" />
    <property name="libs.swing-layout.classpath" value="C:\Archivos de programa\NetBeans 8.0\platform\modules\ext\swing-layout-1.0.4.jar" />
    <property name="libs.spring-webmvc3.0.classpath" value="C:\Archivos de programa\NetBeans 8.0\java\modules\ext\spring-3.0\spring-webmvc-3.2.7.RELEASE.jar" />
    <property name="libs.javaee-web-api-7.0.maven-pom" value="" />
    <property name="libs.restlib.src" value="" />
    <property name="javac.source" value="1.8" />
    <property name="build.generated.dir" value="build/generated" />
    <property name="line.separator" value="&#xd;&#xa;" />
    <property name="java.specification.version" value="1.8" />
    <property name="java.vm.info" value="mixed mode, sharing" />
    <property name="libs.jaxws21.maven-pom" value="" />
    <property name="nb.junit.batch" value="true" />
    <property name="junit.forkmode" value="perTest" />
    <property name="sun.boot.class.path" value="C:\Archivos de programa\Java\jdk1.8.0_20\jre\lib\resources.jar;C:\Archivos de programa\Java\jdk1.8.0_20\jre\lib\rt.jar;C:\Archivos de programa\Java\jdk1.8.0_20\jre\lib\sunrsasign.jar;C:\Archivos de programa\Java\jdk1.8.0_20\jre\lib\jsse.jar;C:\Archivos de programa\Java\jdk1.8.0_20\jre\lib\jce.jar;C:\Archivos de programa\Java\jdk1.8.0_20\jre\lib\charsets.jar;C:\Archivos de programa\Java\jdk1.8.0_20\jre\lib\jfr.jar;C:\Archivos de programa\Java\jdk1.8.0_20\jre\classes" />
    <property name="javac.target" value="1.8" />
    <property name="built-jar.properties" value="D:\Alison\umss\Sem6\AS\repo\TeamWS\TeamWebServer\build\built-jar.properties" />
    <property name="build.test.classes.dir" value="build/test/classes" />
    <property name="src.dir" value="src" />
    <property name="sun.awt.keepWorkingSetOnMinimize" value="true" />
    <property name="libs.jpa2-persistence.src" value="" />
    <property name="annotation.processing.enabled" value="true" />
    <property name="libs.jsf20.src" value="" />
    <property name="libs.jpa20-persistence.src" value="" />
    <property name="libs.DataBindingME-SVG.maven-pom" value="" />
    <property name="libs.jsf12.src" value="" />
    <property name="libs.struts.javadoc" value="C:\Archivos de programa\NetBeans 8.0\enterprise\docs\struts-1.3.10-javadoc.zip" />
    <property name="ignore.failing.tests" value="true" />
    <property name="libs.javaee-web-api-7.0.src" value="" />
    <property name="libs.primefaces.src" value="" />
    <property name="dist.dir" value="dist" />
    <property name="libs.groovy-all.javadoc" value="" />
    <property name="testng.debug.mode" value="" />
    <property name="libs.groovy-all.classpath" value="C:\Archivos de programa\NetBeans 8.0\groovy\modules\ext\groovy-all.jar" />
    <property name="javac.fork" value="false" />
    <property name="java.awt.printerjob" value="sun.awt.windows.WPrinterJob" />
    <property name="default.javac.source" value="1.8" />
    <property name="debug-transport-by-os" value="dt_shmem" />
    <property name="sun.jnu.encoding" value="Cp1252" />
    <property name="libs.MySQLDriver.src" value="" />
    <property name="build.test.results.dir" value="build/test/results" />
    <property name="java.runtime.version" value="1.8.0_20-b26" />
    <property name="default.javac.target" value="1.8" />
    <property name="libs.junit_4.classpath" value="C:\Archivos de programa\NetBeans 8.0\platform\modules\ext\junit-4.10.jar" />
    <property name="user.timezone" value="America/La_Paz" />
    <property name="nb.junit.single" value="false" />
    <property name="libs.javaee-endorsed-api-6.0.maven-pom" value="" />
    <property name="netbeans.dirs" value="C:\Archivos de programa\NetBeans 8.0\nb;C:\Archivos de programa\NetBeans 8.0\ergonomics;C:\Archivos de programa\NetBeans 8.0\ide;C:\Archivos de programa\NetBeans 8.0\extide;C:\Archivos de programa\NetBeans 8.0\java;C:\Archivos de programa\NetBeans 8.0\apisupport;C:\Archivos de programa\NetBeans 8.0\webcommon;C:\Archivos de programa\NetBeans 8.0\websvccommon;C:\Archivos de programa\NetBeans 8.0\enterprise;C:\Archivos de programa\NetBeans 8.0\mobility;C:\Archivos de programa\NetBeans 8.0\profiler;C:\Archivos de programa\NetBeans 8.0\python;C:\Archivos de programa\NetBeans 8.0\php;C:\Archivos de programa\NetBeans 8.0\identity;C:\Archivos de programa\NetBeans 8.0\harness;C:\Archivos de programa\NetBeans 8.0\cnd;C:\Archivos de programa\NetBeans 8.0\dlight;C:\Archivos de programa\NetBeans 8.0\groovy;C:\Archivos de programa\NetBeans 8.0\extra;C:\Archivos de programa\NetBeans 8.0\javacard;C:\Archivos de programa\NetBeans 8.0\javafx" />
    <property name="libs.jsf20.javadoc" value="C:\Archivos de programa\NetBeans 8.0\enterprise\docs\javaee-doc-api.jar" />
    <property name="libs.jstl.javadoc" value="C:\Archivos de programa\NetBeans 8.0\enterprise\docs\javaee-doc-api.jar" />
    <property name="java.ext.dirs" value="C:\Archivos de programa\Java\jdk1.8.0_20\jre\lib\ext;C:\WINDOWS\Sun\Java\lib\ext" />
    <property name="libs.metro.src" value="" />
    <property name="libs.absolutelayout.classpath" value="C:\Archivos de programa\NetBeans 8.0\java\modules\ext\AbsoluteLayout.jar" />
    <property name="excludes" value="" />
    <property name="libs.restlib.maven-pom" value="" />
    <property name="libs.metro.classpath" value="C:\Archivos de programa\NetBeans 8.0\ide\modules\ext\jaxb\activation.jar;C:\Archivos de programa\NetBeans 8.0\enterprise\modules\ext\metro\webservices-api.jar;C:\Archivos de programa\NetBeans 8.0\enterprise\modules\ext\metro\webservices-extra-api.jar;C:\Archivos de programa\NetBeans 8.0\enterprise\modules\ext\metro\webservices-extra.jar;C:\Archivos de programa\NetBeans 8.0\enterprise\modules\ext\metro\webservices-rt.jar;C:\Archivos de programa\NetBeans 8.0\enterprise\modules\ext\metro\webservices-tools.jar" />
    <property name="libs.jpa2-persistence.javadoc" value="" />
    <property name="libs.DataBindingME.javadoc" value="C:\Archivos de programa\NetBeans 8.0\mobility\modules\docs\netbeans_databindingme-api.zip" />
    <property name="apple.laf.useScreenMenuBar" value="true" />
    <property name="java.class.path" value="D:\Alison\umss\Sem6\AS\repo\TeamWS\TeamWebServer\build\classes;C:\Archivos de programa\NetBeans 8.0\platform\modules\ext\junit-4.10.jar;D:\Alison\umss\Sem6\AS\repo\TeamWS\TeamWebServer\build\test\classes;C:\Archivos de programa\NetBeans 8.0\extide\ant\lib\ant-launcher.jar;C:\Archivos de programa\NetBeans 8.0\extide\ant\lib\ant.jar;C:\Archivos de programa\NetBeans 8.0\extide\ant\lib\ant-junit.jar;C:\Archivos de programa\NetBeans 8.0\extide\ant\lib\ant-junit4.jar" />
    <property name="do.mkdist" value="true" />
    <property name="libs.absolutelayout.src" value="" />
    <property name="libs.jpa20-persistence.classpath" value="C:\Archivos de programa\NetBeans 8.0\java\modules\ext\eclipselink\javax.persistence_2.1.0.v201304241213.jar" />
    <property name="os.version" value="5.1" />
    <property name="application.args" value="" />
    <property name="libs.javaee-api-7.0.maven-pom" value="" />
    <property name="sun.awt.enableExtraMouseButtons" value="true" />
    <property name="main.class.available" value="true" />
    <property name="sun.desktop" value="windows" />
    <property name="libs.hibernate4-persistence.src" value="" />
    <property name="libs.hibernate4-support.maven-pom" value="" />
    <property name="libs.restlib.javadoc" value="" />
    <property name="libs.JAXB-ENDORSED.classpath" value="C:\Archivos de programa\NetBeans 8.0\ide\modules\ext\jaxb\api\jaxb-api.jar" />
    <property name="nb.internal.action.name" value="test" />
    <property name="libs.javaee-api-7.0.javadoc" value="C:\Archivos de programa\NetBeans 8.0\enterprise\docs\javaee-doc-api.jar" />
    <property name="libs.eclipselink.classpath" value="C:\Archivos de programa\NetBeans 8.0\java\modules\ext\eclipselink\eclipselink.jar;C:\Archivos de programa\NetBeans 8.0\java\modules\ext\eclipselink\javax.persistence_2.1.0.v201304241213.jar;C:\Archivos de programa\NetBeans 8.0\java\modules\ext\eclipselink\org.eclipse.persistence.jpa.jpql_2.5.1.v20130918-f2b9fc5.jar" />
    <property name="libs.beans-binding.javadoc" value="C:\Archivos de programa\NetBeans 8.0\java\docs\beansbinding-1.2.1-doc.zip" />
    <property name="java.awt.graphicsenv" value="sun.awt.Win32GraphicsEnvironment" />
    <property name="ant.file.WebServer-impl" value="D:\Alison\umss\Sem6\AS\repo\TeamWS\TeamWebServer\nbproject\build-impl.xml" />
    <property name="java.vm.vendor" value="Oracle Corporation" />
    <property name="libs.CopyLibs.classpath" value="C:\Archivos de programa\NetBeans 8.0\java\ant\extra\org-netbeans-modules-java-j2seproject-copylibstask.jar" />
    <property name="libs.spring-framework300.classpath" value="C:\Archivos de programa\NetBeans 8.0\ide\modules\org-apache-commons-logging.jar;C:\Archivos de programa\NetBeans 8.0\java\modules\ext\cglib-2.2.jar;C:\Archivos de programa\NetBeans 8.0\java\modules\ext\spring-3.0\spring-aop-3.2.7.RELEASE.jar;C:\Archivos de programa\NetBeans 8.0\java\modules\ext\spring-3.0\spring-aspects-3.2.7.RELEASE.jar;C:\Archivos de programa\NetBeans 8.0\java\modules\ext\spring-3.0\spring-beans-3.2.7.RELEASE.jar;C:\Archivos de programa\NetBeans 8.0\java\modules\ext\spring-3.0\spring-build-src-3.2.7.RELEASE.jar;C:\Archivos de programa\NetBeans 8.0\java\modules\ext\spring-3.0\spring-context-3.2.7.RELEASE.jar;C:\Archivos de programa\NetBeans 8.0\java\modules\ext\spring-3.0\spring-context-support-3.2.7.RELEASE.jar;C:\Archivos de programa\NetBeans 8.0\java\modules\ext\spring-3.0\spring-core-3.2.7.RELEASE.jar;C:\Archivos de programa\NetBeans 8.0\java\modules\ext\spring-3.0\spring-expression-3.2.7.RELEASE.jar;C:\Archivos de programa\NetBeans 8.0\java\modules\ext\spring-3.0\spring-framework-bom-3.2.7.RELEASE.jar;C:\Archivos de programa\NetBeans 8.0\java\modules\ext\spring-3.0\spring-instrument-3.2.7.RELEASE.jar;C:\Archivos de programa\NetBeans 8.0\java\modules\ext\spring-3.0\spring-instrument-tomcat-3.2.7.RELEASE.jar;C:\Archivos de programa\NetBeans 8.0\java\modules\ext\spring-3.0\spring-jdbc-3.2.7.RELEASE.jar;C:\Archivos de programa\NetBeans 8.0\java\modules\ext\spring-3.0\spring-jms-3.2.7.RELEASE.jar;C:\Archivos de programa\NetBeans 8.0\java\modules\ext\spring-3.0\spring-orm-3.2.7.RELEASE.jar;C:\Archivos de programa\NetBeans 8.0\java\modules\ext\spring-3.0\spring-oxm-3.2.7.RELEASE.jar;C:\Archivos de programa\NetBeans 8.0\java\modules\ext\spring-3.0\spring-struts-3.2.7.RELEASE.jar;C:\Archivos de programa\NetBeans 8.0\java\modules\ext\spring-3.0\spring-test-3.2.7.RELEASE.jar;C:\Archivos de programa\NetBeans 8.0\java\modules\ext\spring-3.0\spring-tx-3.2.7.RELEASE.jar;C:\Archivos de programa\NetBeans 8.0\java\modules\ext\spring-3.0\spring-web-3.2.7.RELEASE.jar;C:\Archivos de programa\NetBeans 8.0\java\modules\ext\spring-3.0\spring-webmvc-3.2.7.RELEASE.jar;C:\Archivos de programa\NetBeans 8.0\java\modules\ext\spring-3.0\spring-webmvc-portlet-3.2.7.RELEASE.jar" />
    <property name="libs.jsp-compiler.maven-pom" value="" />
    <property name="run.jvmargs" value="" />
    <property name="libs.hibernate4-persistence.classpath" value="C:\Archivos de programa\NetBeans 8.0\java\modules\ext\hibernate4\antlr-2.7.7.jar;C:\Archivos de programa\NetBeans 8.0\java\modules\ext\hibernate4\c3p0-0.9.2.1.jar;C:\Archivos de programa\NetBeans 8.0\java\modules\ext\hibernate4\hibernate-c3p0-4.2.6.Final.jar;C:\Archivos de programa\NetBeans 8.0\java\modules\ext\hibernate4\dom4j-1.6.1.jar;C:\Archivos de programa\NetBeans 8.0\java\modules\ext\hibernate4\ehcache-core-2.4.3.jar;C:\Archivos de programa\NetBeans 8.0\java\modules\ext\hibernate4\hibernate-ehcache-4.2.6.Final.jar;C:\Archivos de programa\NetBeans 8.0\java\modules\ext\hibernate4\hibernate-core-4.2.6.Final.jar;C:\Archivos de programa\NetBeans 8.0\java\modules\ext\hibernate4\jboss-logging-3.1.0.GA.jar;C:\Archivos de programa\NetBeans 8.0\java\modules\ext\hibernate4\hibernate-commons-annotations-4.0.2.Final.jar;C:\Archivos de programa\NetBeans 8.0\java\modules\ext\hibernate4\hibernate-entitymanager-4.2.6.Final.jar;C:\Archivos de programa\NetBeans 8.0\java\modules\ext\hibernate4\javassist-3.15.0-GA.jar;C:\Archivos de programa\NetBeans 8.0\java\modules\ext\hibernate4\jboss-transaction-api_1.1_spec-1.0.1.Final.jar;C:\Archivos de programa\NetBeans 8.0\java\modules\ext\hibernate4\slf4j-api-1.6.1.jar;C:\Archivos de programa\NetBeans 8.0\java\modules\ext\hibernate4\slf4j-simple-1.6.1.jar;C:\Archivos de programa\NetBeans 8.0\java\modules\ext\hibernate4\hibernate-jpa-2.0-api-1.0.1.Final.jar" />
    <property name="libs.JAXB-ENDORSED.src" value="" />
    <property name="dist.archive.excludes" value="" />
    <property name="libs.testng.javadoc" value="C:\Archivos de programa\NetBeans 8.0\platform\docs\testng-6.8.1-javadoc.zip" />
    <property name="libs.DataBindingME-PIM.src" value="C:\Archivos de programa\NetBeans 8.0\mobility\sources\netbeans_databindingme_pim-src.zip" />
    <property name="libs.PostgreSQLDriver.classpath" value="C:\Archivos de programa\NetBeans 8.0\ide\modules\ext\postgresql-9.2-1002.jdbc4.jar" />
    <property name="user.script" value="" />
    <property name="libs.jsf12.maven-pom" value="" />
    <property name="libs.hibernate4-persistencemodelgen.classpath" value="C:\Archivos de programa\NetBeans 8.0\java\modules\ext\hibernate4\hibernate-jpamodelgen-1.3.0.Final.jar" />
    <property name="libs.junit.src" value="" />
    <property name="annotation.processing.source.output" value="build/generated-sources/ap-source-output" />
    <property name="main.class" value="webserver.WebServer" />
    <property name="libs.CopyLibs.src" value="" />
    <property name="build.dir" value="build" />
    <property name="libs.jsp-compilation.classpath" value="C:\Archivos de programa\NetBeans 8.0\extide\ant\lib\ant.jar;C:\Archivos de programa\NetBeans 8.0\enterprise\modules\ext\servlet3.1-jsp2.3-api.jar;C:\Archivos de programa\NetBeans 8.0\enterprise\modules\ext\glassfish-jspparser-4.0.jar;C:\Archivos de programa\NetBeans 8.0\enterprise\modules\ext\jsf-2_2\javax.faces.jar;C:\Archivos de programa\NetBeans 8.0\enterprise\modules\ext\jstl-api.jar;C:\Archivos de programa\NetBeans 8.0\extide\ant\lib\ant-launcher.jar" />
    <property name="ant.version" value="Apache Ant(TM) version 1.9.2 compiled on July 8 2013" />
    <property name="build.classes.excludes" value="**/*.java,**/*.form" />
    <property name="file.encoding" value="Cp1252" />
    <property name="jdkBug6558476" value="false" />
    <property name="javadoc.nonavbar" value="false" />
    <property name="libs.spring-webmvc4.0.classpath" value="C:\Archivos de programa\NetBeans 8.0\java\modules\ext\spring-4\spring-webmvc-4.0.1.RELEASE.jar" />
    <property name="platform.active" value="default_platform" />
    <property name="awt.toolkit" value="sun.awt.windows.WToolkit" />
    <property name="libs.javaee-web-api-7.0.javadoc" value="C:\Archivos de programa\NetBeans 8.0\enterprise\docs\javaee-doc-api.jar" />
  </properties>
  <testcase classname="webserver.WebServerTest" name="testSimpleRequestHEAD_OK" time="0.0" />
  <testcase classname="webserver.WebServerTest" name="testSimpleRequestHED_NOT_IMPLEMENT" time="0.016" />
  <testcase classname="webserver.WebServerTest" name="testFullRequestGET_OK" time="0.0" />
  <testcase classname="webserver.WebServerTest" name="testFullRequestHEAD_NOT_FOUND" time="0.0" />
  <testcase classname="webserver.WebServerTest" name="testFullRequestHEAD_OK" time="0.016" />
  <testcase classname="webserver.WebServerTest" name="testSimpleRequestGET_OK" time="0.0" />
  <testcase classname="webserver.WebServerTest" name="testFullRequestGET_NOT_FOUND" time="0.0" />
  <testcase classname="webserver.WebServerTest" name="testFullRequestHED_NOT_IMPLEMENT" time="0.0" />
  <testcase classname="webserver.WebServerTest" name="testFullRequestHEAD_EMPTY_URL" time="0.0" />
  <testcase classname="webserver.WebServerTest" name="testFullRequestGET_EMPTY_URL" time="0.0" />
  <testcase classname="webserver.WebServerTest" name="testFullRequestHEAD_BAD_PROTOCOL" time="0.0" />
  <testcase classname="webserver.WebServerTest" name="testFullRequestGET_BAD_PROTOCOL" time="0.0" />
  <testcase classname="webserver.WebServerTest" name="testSimpleRequestHEAD_NOT_FOUND" time="0.0" />
  <testcase classname="webserver.WebServerTest" name="testSimpleRequestGET_NOT_FOUND" time="0.0" />
  <testcase classname="webserver.WebServerTest" name="testSimpleRequestHEAD_EMPTY_URL" time="0.0" />
  <system-out><![CDATA[]]></system-out>
  <system-err><![CDATA[]]></system-err>
</testsuite>
